{
"contracts/ERC2771ContextUpgradeable/ERC2771ContextUpgradable.sol":{"l":{"21":1170,"22":1170,"23":1170,"27":0,"32":1170,"48":0,"49":0,"50":0,"54":0,"56":0,"70":1170},"path":"/Users/yashvardhan/Documents/rKGen BSC SC/contracts/ERC2771ContextUpgradeable/ERC2771ContextUpgradable.sol","s":{"1":1170,"2":1170,"3":1170,"4":0,"5":1170,"6":0,"7":0,"8":0,"9":0,"10":0,"11":1170},"b":{"1":[0,1170],"2":[0,0]},"f":{"1":0,"2":1170,"3":0,"4":1170},"fnMap":{"1":{"name":"isTrustedForwarder","line":11,"loc":{"start":{"line":11,"column":4},"end":{"line":13,"column":42}}},"2":{"name":"_msgSender","line":20,"loc":{"start":{"line":20,"column":4},"end":{"line":34,"column":4}}},"3":{"name":"_msgData","line":41,"loc":{"start":{"line":41,"column":4},"end":{"line":58,"column":4}}},"4":{"name":"_contextSuffixLength","line":63,"loc":{"start":{"line":63,"column":4},"end":{"line":71,"column":4}}}},"statementMap":{"1":{"start":{"line":21,"column":8},"end":{"line":21,"column":48}},"2":{"start":{"line":22,"column":8},"end":{"line":22,"column":60}},"3":{"start":{"line":23,"column":8},"end":{"line":23,"column":842}},"4":{"start":{"line":27,"column":12},"end":{"line":27,"column":976}},"5":{"start":{"line":32,"column":12},"end":{"line":32,"column":37}},"6":{"start":{"line":48,"column":8},"end":{"line":48,"column":48}},"7":{"start":{"line":49,"column":8},"end":{"line":49,"column":60}},"8":{"start":{"line":50,"column":8},"end":{"line":50,"column":1641}},"9":{"start":{"line":54,"column":12},"end":{"line":54,"column":66}},"10":{"start":{"line":56,"column":12},"end":{"line":56,"column":35}},"11":{"start":{"line":70,"column":8},"end":{"line":70,"column":17}}},"branchMap":{"1":{"line":23,"type":"if","locations":[{"start":{"line":23,"column":8},"end":{"line":23,"column":8}},{"start":{"line":23,"column":8},"end":{"line":23,"column":8}}]},"2":{"line":50,"type":"if","locations":[{"start":{"line":50,"column":8},"end":{"line":50,"column":8}},{"start":{"line":50,"column":8},"end":{"line":50,"column":8}}]}}},
"contracts/IrKGEN.sol":{"l":{},"path":"/Users/yashvardhan/Documents/rKGen BSC SC/contracts/IrKGEN.sol","s":{},"b":{},"f":{},"fnMap":{},"statementMap":{},"branchMap":{}},
"contracts/KGeN-evm/KGeN.sol":{"l":{"78":1,"82":95,"83":95,"85":95,"86":95,"87":95,"88":95,"89":95,"94":225,"95":208,"99":35,"100":32,"104":0,"105":0,"109":0,"110":0,"114":36,"115":33,"119":172,"120":160,"126":4,"127":3,"128":3,"132":3,"133":1,"135":1,"136":1,"137":1,"138":1,"139":1,"143":11,"144":10,"145":10,"149":2,"150":1,"151":1,"155":61,"156":60,"159":60,"160":42,"161":42,"164":60,"168":2,"169":1,"170":1,"174":28,"175":27,"176":27,"180":2,"181":1,"182":1,"188":28,"189":27,"190":27,"194":3,"195":2,"197":1,"198":1,"202":28,"203":27,"204":27,"208":2,"209":1,"210":1,"215":14,"216":1,"218":13,"219":15,"220":15,"225":3,"226":1,"228":2,"229":3,"230":3,"231":3,"238":30,"239":29,"242":28,"244":26,"245":26,"249":3,"250":2,"256":25,"257":24,"260":23,"261":1,"264":22,"265":22,"266":22,"268":22,"272":6,"273":5,"276":4,"277":1,"280":3,"281":3,"282":3,"284":3,"289":4,"290":1,"292":3,"293":3,"298":6,"299":6,"303":5,"307":4,"311":2,"315":2,"319":3,"323":3,"327":2,"331":1,"332":1,"333":1,"334":1,"336":1,"340":1,"341":1,"342":1,"343":1,"345":1,"349":1,"350":1,"351":1,"352":1,"354":1,"358":1},"path":"/Users/yashvardhan/Documents/rKGen BSC SC/contracts/KGeN-evm/KGeN.sol","s":{"1":1,"2":95,"3":95,"4":95,"5":95,"6":95,"7":95,"8":95,"9":225,"10":35,"11":0,"12":0,"13":36,"14":172,"15":4,"16":3,"17":3,"18":1,"19":1,"20":1,"21":1,"22":1,"23":11,"24":10,"25":10,"26":2,"27":1,"28":1,"29":61,"30":60,"31":60,"32":42,"33":60,"34":2,"35":1,"36":1,"37":28,"38":27,"39":27,"40":2,"41":1,"42":1,"43":28,"44":27,"45":3,"46":2,"47":1,"48":28,"49":27,"50":2,"51":1,"52":14,"53":1,"54":13,"55":15,"56":3,"57":1,"58":2,"59":3,"60":3,"61":3,"62":30,"63":29,"64":28,"65":26,"66":26,"67":3,"68":2,"69":25,"70":24,"71":23,"72":22,"73":22,"74":22,"75":22,"76":6,"77":5,"78":4,"79":3,"80":3,"81":3,"82":3,"83":4,"84":1,"85":3,"86":3,"87":6,"88":6,"89":5,"90":4,"91":2,"92":2,"93":3,"94":3,"95":2,"96":1,"97":1,"98":1,"99":1,"100":1,"101":1,"102":1,"103":1,"104":1,"105":1,"106":1,"107":1,"108":1},"b":{"1":[95,1],"2":[17,208],"3":[3,32],"4":[0,0],"5":[0,0],"6":[3,33],"7":[12,160],"8":[5,1],"9":[4,1],"10":[1,3],"11":[2,1],"12":[0,1],"13":[14,2],"14":[11,3],"15":[1,10],"16":[2,1],"17":[1,1],"18":[63,1],"19":[61,2],"20":[1,60],"21":[42,18],"22":[2,1],"23":[1,1],"24":[30,1],"25":[28,2],"26":[1,27],"27":[2,1],"28":[1,1],"29":[30,1],"30":[28,2],"31":[1,27],"32":[3,1],"33":[1,2],"34":[1,1],"35":[30,1],"36":[28,2],"37":[1,27],"38":[2,1],"39":[1,1],"40":[14,1],"41":[1,13],"42":[1,0],"43":[3,1],"44":[1,2],"45":[1,0],"46":[2,1],"47":[1,2],"48":[32,3],"49":[30,2],"50":[1,29],"51":[1,28],"52":[2,26],"53":[4,2],"54":[3,1],"55":[1,2],"56":[1,24],"57":[1,23],"58":[1,22],"59":[22,0],"60":[1,5],"61":[1,4],"62":[1,3],"63":[3,0],"64":[4,1],"65":[1,3]},"f":{"1":1,"2":95,"3":225,"4":35,"5":0,"6":0,"7":36,"8":172,"9":4,"10":3,"11":11,"12":2,"13":61,"14":2,"15":28,"16":2,"17":28,"18":3,"19":28,"20":2,"21":14,"22":3,"23":30,"24":3,"25":25,"26":6,"27":4,"28":6,"29":5,"30":4,"31":2,"32":2,"33":3,"34":3,"35":2,"36":1,"37":1,"38":1,"39":1},"fnMap":{"1":{"name":"constructor","line":77,"loc":{"start":{"line":77,"column":4},"end":{"line":79,"column":4}}},"2":{"name":"initialize","line":81,"loc":{"start":{"line":81,"column":4},"end":{"line":90,"column":4}}},"3":{"name":"onlyAdmin","line":93,"loc":{"start":{"line":93,"column":4},"end":{"line":96,"column":4}}},"4":{"name":"onlyMinter","line":98,"loc":{"start":{"line":98,"column":4},"end":{"line":101,"column":4}}},"5":{"name":"onlyTreasury","line":103,"loc":{"start":{"line":103,"column":4},"end":{"line":106,"column":4}}},"6":{"name":"onlyBurnVault","line":108,"loc":{"start":{"line":108,"column":4},"end":{"line":111,"column":4}}},"7":{"name":"validAmount","line":113,"loc":{"start":{"line":113,"column":4},"end":{"line":116,"column":4}}},"8":{"name":"validAddress","line":118,"loc":{"start":{"line":118,"column":4},"end":{"line":121,"column":4}}},"9":{"name":"transferAdmin","line":125,"loc":{"start":{"line":125,"column":4},"end":{"line":129,"column":4}}},"10":{"name":"acceptAdmin","line":131,"loc":{"start":{"line":131,"column":4},"end":{"line":140,"column":4}}},"11":{"name":"addMinter","line":142,"loc":{"start":{"line":142,"column":4},"end":{"line":146,"column":4}}},"12":{"name":"removeMinter","line":148,"loc":{"start":{"line":148,"column":4},"end":{"line":152,"column":4}}},"13":{"name":"addTreasury","line":154,"loc":{"start":{"line":154,"column":4},"end":{"line":165,"column":4}}},"14":{"name":"removeTreasury","line":167,"loc":{"start":{"line":167,"column":4},"end":{"line":171,"column":4}}},"15":{"name":"addBurnVault","line":173,"loc":{"start":{"line":173,"column":4},"end":{"line":177,"column":4}}},"16":{"name":"removeBurnVault","line":179,"loc":{"start":{"line":179,"column":4},"end":{"line":183,"column":4}}},"17":{"name":"addWhitelistSender","line":187,"loc":{"start":{"line":187,"column":4},"end":{"line":191,"column":4}}},"18":{"name":"removeWhitelistSender","line":193,"loc":{"start":{"line":193,"column":4},"end":{"line":199,"column":4}}},"19":{"name":"addWhitelistReceiver","line":201,"loc":{"start":{"line":201,"column":4},"end":{"line":205,"column":4}}},"20":{"name":"removeWhitelistReceiver","line":207,"loc":{"start":{"line":207,"column":4},"end":{"line":211,"column":4}}},"21":{"name":"freezeAccounts","line":214,"loc":{"start":{"line":214,"column":4},"end":{"line":222,"column":4}}},"22":{"name":"unfreezeAccounts","line":224,"loc":{"start":{"line":224,"column":4},"end":{"line":233,"column":4}}},"23":{"name":"mint","line":237,"loc":{"start":{"line":237,"column":4},"end":{"line":246,"column":4}}},"24":{"name":"burn","line":248,"loc":{"start":{"line":248,"column":4},"end":{"line":251,"column":4}}},"25":{"name":"transfer","line":255,"loc":{"start":{"line":255,"column":4},"end":{"line":269,"column":4}}},"26":{"name":"transferFrom","line":271,"loc":{"start":{"line":271,"column":4},"end":{"line":285,"column":4}}},"27":{"name":"adminTransfer","line":288,"loc":{"start":{"line":288,"column":4},"end":{"line":294,"column":4}}},"28":{"name":"isFrozen","line":297,"loc":{"start":{"line":297,"column":4},"end":{"line":300,"column":4}}},"29":{"name":"isWhitelistedSender","line":302,"loc":{"start":{"line":302,"column":4},"end":{"line":304,"column":4}}},"30":{"name":"isWhitelistedReceiver","line":306,"loc":{"start":{"line":306,"column":4},"end":{"line":308,"column":4}}},"31":{"name":"isTreasury","line":310,"loc":{"start":{"line":310,"column":4},"end":{"line":312,"column":4}}},"32":{"name":"isBurnVault","line":314,"loc":{"start":{"line":314,"column":4},"end":{"line":316,"column":4}}},"33":{"name":"isMinter","line":318,"loc":{"start":{"line":318,"column":4},"end":{"line":320,"column":4}}},"34":{"name":"getPendingAdmin","line":322,"loc":{"start":{"line":322,"column":4},"end":{"line":324,"column":4}}},"35":{"name":"getAdmin","line":326,"loc":{"start":{"line":326,"column":4},"end":{"line":328,"column":4}}},"36":{"name":"getMinters","line":330,"loc":{"start":{"line":330,"column":4},"end":{"line":337,"column":4}}},"37":{"name":"getTreasuries","line":339,"loc":{"start":{"line":339,"column":4},"end":{"line":346,"column":4}}},"38":{"name":"getBurnVaults","line":348,"loc":{"start":{"line":348,"column":4},"end":{"line":355,"column":4}}},"39":{"name":"decimals","line":357,"loc":{"start":{"line":357,"column":4},"end":{"line":359,"column":0}}}},"statementMap":{"1":{"start":{"line":78,"column":8},"end":{"line":78,"column":29}},"2":{"start":{"line":82,"column":8},"end":{"line":82,"column":35}},"3":{"start":{"line":83,"column":8},"end":{"line":83,"column":39}},"4":{"start":{"line":85,"column":8},"end":{"line":85,"column":51}},"5":{"start":{"line":86,"column":8},"end":{"line":86,"column":44}},"6":{"start":{"line":87,"column":8},"end":{"line":87,"column":46}},"7":{"start":{"line":88,"column":8},"end":{"line":88,"column":48}},"8":{"start":{"line":89,"column":8},"end":{"line":89,"column":46}},"9":{"start":{"line":94,"column":8},"end":{"line":94,"column":72}},"10":{"start":{"line":99,"column":8},"end":{"line":99,"column":65}},"11":{"start":{"line":104,"column":8},"end":{"line":104,"column":69}},"12":{"start":{"line":109,"column":8},"end":{"line":109,"column":72}},"13":{"start":{"line":114,"column":8},"end":{"line":114,"column":47}},"14":{"start":{"line":119,"column":8},"end":{"line":119,"column":56}},"15":{"start":{"line":126,"column":8},"end":{"line":126,"column":89}},"16":{"start":{"line":128,"column":8},"end":{"line":128,"column":104}},"17":{"start":{"line":132,"column":8},"end":{"line":132,"column":61}},"18":{"start":{"line":133,"column":8},"end":{"line":133,"column":68}},"19":{"start":{"line":135,"column":8},"end":{"line":135,"column":67}},"20":{"start":{"line":136,"column":8},"end":{"line":136,"column":52}},"21":{"start":{"line":137,"column":8},"end":{"line":137,"column":51}},"22":{"start":{"line":139,"column":8},"end":{"line":139,"column":56}},"23":{"start":{"line":143,"column":8},"end":{"line":143,"column":65}},"24":{"start":{"line":144,"column":8},"end":{"line":144,"column":39}},"25":{"start":{"line":145,"column":8},"end":{"line":145,"column":48}},"26":{"start":{"line":149,"column":8},"end":{"line":149,"column":62}},"27":{"start":{"line":150,"column":8},"end":{"line":150,"column":40}},"28":{"start":{"line":151,"column":8},"end":{"line":151,"column":53}},"29":{"start":{"line":155,"column":8},"end":{"line":155,"column":69}},"30":{"start":{"line":156,"column":8},"end":{"line":156,"column":41}},"31":{"start":{"line":159,"column":8},"end":{"line":159,"column":5674}},"32":{"start":{"line":161,"column":12},"end":{"line":161,"column":78}},"33":{"start":{"line":164,"column":8},"end":{"line":164,"column":72}},"34":{"start":{"line":168,"column":8},"end":{"line":168,"column":66}},"35":{"start":{"line":169,"column":8},"end":{"line":169,"column":42}},"36":{"start":{"line":170,"column":8},"end":{"line":170,"column":72}},"37":{"start":{"line":174,"column":8},"end":{"line":174,"column":72}},"38":{"start":{"line":175,"column":8},"end":{"line":175,"column":43}},"39":{"start":{"line":176,"column":8},"end":{"line":176,"column":64}},"40":{"start":{"line":180,"column":8},"end":{"line":180,"column":69}},"41":{"start":{"line":181,"column":8},"end":{"line":181,"column":44}},"42":{"start":{"line":182,"column":8},"end":{"line":182,"column":66}},"43":{"start":{"line":188,"column":8},"end":{"line":188,"column":74}},"44":{"start":{"line":190,"column":8},"end":{"line":190,"column":74}},"45":{"start":{"line":194,"column":8},"end":{"line":194,"column":71}},"46":{"start":{"line":195,"column":8},"end":{"line":195,"column":81}},"47":{"start":{"line":198,"column":8},"end":{"line":198,"column":83}},"48":{"start":{"line":202,"column":8},"end":{"line":202,"column":78}},"49":{"start":{"line":204,"column":8},"end":{"line":204,"column":78}},"50":{"start":{"line":208,"column":8},"end":{"line":208,"column":75}},"51":{"start":{"line":210,"column":8},"end":{"line":210,"column":87}},"52":{"start":{"line":215,"column":8},"end":{"line":215,"column":8222}},"53":{"start":{"line":216,"column":12},"end":{"line":216,"column":53}},"54":{"start":{"line":218,"column":8},"end":{"line":218,"column":8386}},"55":{"start":{"line":220,"column":12},"end":{"line":220,"column":43}},"56":{"start":{"line":225,"column":8},"end":{"line":225,"column":8741}},"57":{"start":{"line":226,"column":12},"end":{"line":226,"column":53}},"58":{"start":{"line":228,"column":8},"end":{"line":228,"column":8911}},"59":{"start":{"line":229,"column":12},"end":{"line":229,"column":79}},"60":{"start":{"line":230,"column":12},"end":{"line":230,"column":83}},"61":{"start":{"line":231,"column":12},"end":{"line":231,"column":45}},"62":{"start":{"line":238,"column":8},"end":{"line":238,"column":61}},"63":{"start":{"line":239,"column":8},"end":{"line":239,"column":66}},"64":{"start":{"line":242,"column":8},"end":{"line":242,"column":74}},"65":{"start":{"line":244,"column":8},"end":{"line":244,"column":24}},"66":{"start":{"line":245,"column":8},"end":{"line":245,"column":41}},"67":{"start":{"line":249,"column":8},"end":{"line":249,"column":66}},"68":{"start":{"line":250,"column":8},"end":{"line":250,"column":26}},"69":{"start":{"line":256,"column":8},"end":{"line":256,"column":72}},"70":{"start":{"line":257,"column":8},"end":{"line":257,"column":66}},"71":{"start":{"line":260,"column":8},"end":{"line":260,"column":10204}},"72":{"start":{"line":264,"column":8},"end":{"line":264,"column":49}},"73":{"start":{"line":265,"column":8},"end":{"line":265,"column":10396}},"74":{"start":{"line":266,"column":12},"end":{"line":266,"column":49}},"75":{"start":{"line":268,"column":8},"end":{"line":268,"column":22}},"76":{"start":{"line":272,"column":8},"end":{"line":272,"column":66}},"77":{"start":{"line":273,"column":8},"end":{"line":273,"column":66}},"78":{"start":{"line":276,"column":8},"end":{"line":276,"column":10864}},"79":{"start":{"line":280,"column":8},"end":{"line":280,"column":59}},"80":{"start":{"line":281,"column":8},"end":{"line":281,"column":11060}},"81":{"start":{"line":282,"column":12},"end":{"line":282,"column":43}},"82":{"start":{"line":284,"column":8},"end":{"line":284,"column":22}},"83":{"start":{"line":289,"column":8},"end":{"line":289,"column":11290}},"84":{"start":{"line":290,"column":12},"end":{"line":290,"column":31}},"85":{"start":{"line":292,"column":8},"end":{"line":292,"column":34}},"86":{"start":{"line":293,"column":8},"end":{"line":293,"column":39}},"87":{"start":{"line":298,"column":8},"end":{"line":298,"column":60}},"88":{"start":{"line":299,"column":8},"end":{"line":299,"column":49}},"89":{"start":{"line":303,"column":8},"end":{"line":303,"column":42}},"90":{"start":{"line":307,"column":8},"end":{"line":307,"column":44}},"91":{"start":{"line":311,"column":8},"end":{"line":311,"column":46}},"92":{"start":{"line":315,"column":8},"end":{"line":315,"column":48}},"93":{"start":{"line":319,"column":8},"end":{"line":319,"column":44}},"94":{"start":{"line":323,"column":8},"end":{"line":323,"column":27}},"95":{"start":{"line":327,"column":8},"end":{"line":327,"column":51}},"96":{"start":{"line":331,"column":8},"end":{"line":331,"column":55}},"97":{"start":{"line":332,"column":8},"end":{"line":332,"column":55}},"98":{"start":{"line":333,"column":8},"end":{"line":333,"column":12791}},"99":{"start":{"line":336,"column":8},"end":{"line":336,"column":22}},"100":{"start":{"line":340,"column":8},"end":{"line":340,"column":57}},"101":{"start":{"line":341,"column":8},"end":{"line":341,"column":58}},"102":{"start":{"line":342,"column":8},"end":{"line":342,"column":13125}},"103":{"start":{"line":345,"column":8},"end":{"line":345,"column":25}},"104":{"start":{"line":349,"column":8},"end":{"line":349,"column":59}},"105":{"start":{"line":350,"column":8},"end":{"line":350,"column":58}},"106":{"start":{"line":351,"column":8},"end":{"line":351,"column":13469}},"107":{"start":{"line":354,"column":8},"end":{"line":354,"column":25}},"108":{"start":{"line":358,"column":4},"end":{"line":358,"column":12}}},"branchMap":{"1":{"line":81,"type":"if","locations":[{"start":{"line":81,"column":53},"end":{"line":81,"column":53}},{"start":{"line":81,"column":53},"end":{"line":81,"column":53}}]},"2":{"line":94,"type":"if","locations":[{"start":{"line":94,"column":8},"end":{"line":94,"column":8}},{"start":{"line":94,"column":8},"end":{"line":94,"column":8}}]},"3":{"line":99,"type":"if","locations":[{"start":{"line":99,"column":8},"end":{"line":99,"column":8}},{"start":{"line":99,"column":8},"end":{"line":99,"column":8}}]},"4":{"line":104,"type":"if","locations":[{"start":{"line":104,"column":8},"end":{"line":104,"column":8}},{"start":{"line":104,"column":8},"end":{"line":104,"column":8}}]},"5":{"line":109,"type":"if","locations":[{"start":{"line":109,"column":8},"end":{"line":109,"column":8}},{"start":{"line":109,"column":8},"end":{"line":109,"column":8}}]},"6":{"line":114,"type":"if","locations":[{"start":{"line":114,"column":8},"end":{"line":114,"column":8}},{"start":{"line":114,"column":8},"end":{"line":114,"column":8}}]},"7":{"line":119,"type":"if","locations":[{"start":{"line":119,"column":8},"end":{"line":119,"column":8}},{"start":{"line":119,"column":8},"end":{"line":119,"column":8}}]},"8":{"line":125,"type":"if","locations":[{"start":{"line":125,"column":54},"end":{"line":125,"column":54}},{"start":{"line":125,"column":54},"end":{"line":125,"column":54}}]},"9":{"line":125,"type":"if","locations":[{"start":{"line":125,"column":64},"end":{"line":125,"column":64}},{"start":{"line":125,"column":64},"end":{"line":125,"column":64}}]},"10":{"line":126,"type":"if","locations":[{"start":{"line":126,"column":8},"end":{"line":126,"column":8}},{"start":{"line":126,"column":8},"end":{"line":126,"column":8}}]},"11":{"line":132,"type":"if","locations":[{"start":{"line":132,"column":8},"end":{"line":132,"column":8}},{"start":{"line":132,"column":8},"end":{"line":132,"column":8}}]},"12":{"line":133,"type":"if","locations":[{"start":{"line":133,"column":8},"end":{"line":133,"column":8}},{"start":{"line":133,"column":8},"end":{"line":133,"column":8}}]},"13":{"line":142,"type":"if","locations":[{"start":{"line":142,"column":49},"end":{"line":142,"column":49}},{"start":{"line":142,"column":49},"end":{"line":142,"column":49}}]},"14":{"line":142,"type":"if","locations":[{"start":{"line":142,"column":59},"end":{"line":142,"column":59}},{"start":{"line":142,"column":59},"end":{"line":142,"column":59}}]},"15":{"line":143,"type":"if","locations":[{"start":{"line":143,"column":8},"end":{"line":143,"column":8}},{"start":{"line":143,"column":8},"end":{"line":143,"column":8}}]},"16":{"line":148,"type":"if","locations":[{"start":{"line":148,"column":52},"end":{"line":148,"column":52}},{"start":{"line":148,"column":52},"end":{"line":148,"column":52}}]},"17":{"line":149,"type":"if","locations":[{"start":{"line":149,"column":8},"end":{"line":149,"column":8}},{"start":{"line":149,"column":8},"end":{"line":149,"column":8}}]},"18":{"line":154,"type":"if","locations":[{"start":{"line":154,"column":51},"end":{"line":154,"column":51}},{"start":{"line":154,"column":51},"end":{"line":154,"column":51}}]},"19":{"line":154,"type":"if","locations":[{"start":{"line":154,"column":61},"end":{"line":154,"column":61}},{"start":{"line":154,"column":61},"end":{"line":154,"column":61}}]},"20":{"line":155,"type":"if","locations":[{"start":{"line":155,"column":8},"end":{"line":155,"column":8}},{"start":{"line":155,"column":8},"end":{"line":155,"column":8}}]},"21":{"line":159,"type":"if","locations":[{"start":{"line":159,"column":8},"end":{"line":159,"column":8}},{"start":{"line":159,"column":8},"end":{"line":159,"column":8}}]},"22":{"line":167,"type":"if","locations":[{"start":{"line":167,"column":54},"end":{"line":167,"column":54}},{"start":{"line":167,"column":54},"end":{"line":167,"column":54}}]},"23":{"line":168,"type":"if","locations":[{"start":{"line":168,"column":8},"end":{"line":168,"column":8}},{"start":{"line":168,"column":8},"end":{"line":168,"column":8}}]},"24":{"line":173,"type":"if","locations":[{"start":{"line":173,"column":52},"end":{"line":173,"column":52}},{"start":{"line":173,"column":52},"end":{"line":173,"column":52}}]},"25":{"line":173,"type":"if","locations":[{"start":{"line":173,"column":62},"end":{"line":173,"column":62}},{"start":{"line":173,"column":62},"end":{"line":173,"column":62}}]},"26":{"line":174,"type":"if","locations":[{"start":{"line":174,"column":8},"end":{"line":174,"column":8}},{"start":{"line":174,"column":8},"end":{"line":174,"column":8}}]},"27":{"line":179,"type":"if","locations":[{"start":{"line":179,"column":55},"end":{"line":179,"column":55}},{"start":{"line":179,"column":55},"end":{"line":179,"column":55}}]},"28":{"line":180,"type":"if","locations":[{"start":{"line":180,"column":8},"end":{"line":180,"column":8}},{"start":{"line":180,"column":8},"end":{"line":180,"column":8}}]},"29":{"line":187,"type":"if","locations":[{"start":{"line":187,"column":58},"end":{"line":187,"column":58}},{"start":{"line":187,"column":58},"end":{"line":187,"column":58}}]},"30":{"line":187,"type":"if","locations":[{"start":{"line":187,"column":68},"end":{"line":187,"column":68}},{"start":{"line":187,"column":68},"end":{"line":187,"column":68}}]},"31":{"line":188,"type":"if","locations":[{"start":{"line":188,"column":8},"end":{"line":188,"column":8}},{"start":{"line":188,"column":8},"end":{"line":188,"column":8}}]},"32":{"line":193,"type":"if","locations":[{"start":{"line":193,"column":61},"end":{"line":193,"column":61}},{"start":{"line":193,"column":61},"end":{"line":193,"column":61}}]},"33":{"line":194,"type":"if","locations":[{"start":{"line":194,"column":8},"end":{"line":194,"column":8}},{"start":{"line":194,"column":8},"end":{"line":194,"column":8}}]},"34":{"line":195,"type":"if","locations":[{"start":{"line":195,"column":8},"end":{"line":195,"column":8}},{"start":{"line":195,"column":8},"end":{"line":195,"column":8}}]},"35":{"line":201,"type":"if","locations":[{"start":{"line":201,"column":60},"end":{"line":201,"column":60}},{"start":{"line":201,"column":60},"end":{"line":201,"column":60}}]},"36":{"line":201,"type":"if","locations":[{"start":{"line":201,"column":70},"end":{"line":201,"column":70}},{"start":{"line":201,"column":70},"end":{"line":201,"column":70}}]},"37":{"line":202,"type":"if","locations":[{"start":{"line":202,"column":8},"end":{"line":202,"column":8}},{"start":{"line":202,"column":8},"end":{"line":202,"column":8}}]},"38":{"line":207,"type":"if","locations":[{"start":{"line":207,"column":63},"end":{"line":207,"column":63}},{"start":{"line":207,"column":63},"end":{"line":207,"column":63}}]},"39":{"line":208,"type":"if","locations":[{"start":{"line":208,"column":8},"end":{"line":208,"column":8}},{"start":{"line":208,"column":8},"end":{"line":208,"column":8}}]},"40":{"line":214,"type":"if","locations":[{"start":{"line":214,"column":128},"end":{"line":214,"column":128}},{"start":{"line":214,"column":128},"end":{"line":214,"column":128}}]},"41":{"line":215,"type":"if","locations":[{"start":{"line":215,"column":8},"end":{"line":215,"column":8}},{"start":{"line":215,"column":8},"end":{"line":215,"column":8}}]},"42":{"line":215,"type":"cond-expr","locations":[{"start":{"line":215,"column":12},"end":{"line":215,"column":49}},{"start":{"line":215,"column":54},"end":{"line":215,"column":93}}]},"43":{"line":224,"type":"if","locations":[{"start":{"line":224,"column":136},"end":{"line":224,"column":136}},{"start":{"line":224,"column":136},"end":{"line":224,"column":136}}]},"44":{"line":225,"type":"if","locations":[{"start":{"line":225,"column":8},"end":{"line":225,"column":8}},{"start":{"line":225,"column":8},"end":{"line":225,"column":8}}]},"45":{"line":225,"type":"cond-expr","locations":[{"start":{"line":225,"column":12},"end":{"line":225,"column":52}},{"start":{"line":225,"column":57},"end":{"line":225,"column":99}}]},"46":{"line":229,"type":"if","locations":[{"start":{"line":229,"column":12},"end":{"line":229,"column":12}},{"start":{"line":229,"column":12},"end":{"line":229,"column":12}}]},"47":{"line":230,"type":"if","locations":[{"start":{"line":230,"column":12},"end":{"line":230,"column":12}},{"start":{"line":230,"column":12},"end":{"line":230,"column":12}}]},"48":{"line":237,"type":"if","locations":[{"start":{"line":237,"column":55},"end":{"line":237,"column":55}},{"start":{"line":237,"column":55},"end":{"line":237,"column":55}}]},"49":{"line":237,"type":"if","locations":[{"start":{"line":237,"column":66},"end":{"line":237,"column":66}},{"start":{"line":237,"column":66},"end":{"line":237,"column":66}}]},"50":{"line":238,"type":"if","locations":[{"start":{"line":238,"column":8},"end":{"line":238,"column":8}},{"start":{"line":238,"column":8},"end":{"line":238,"column":8}}]},"51":{"line":239,"type":"if","locations":[{"start":{"line":239,"column":8},"end":{"line":239,"column":8}},{"start":{"line":239,"column":8},"end":{"line":239,"column":8}}]},"52":{"line":242,"type":"if","locations":[{"start":{"line":242,"column":8},"end":{"line":242,"column":8}},{"start":{"line":242,"column":8},"end":{"line":242,"column":8}}]},"53":{"line":248,"type":"if","locations":[{"start":{"line":248,"column":57},"end":{"line":248,"column":57}},{"start":{"line":248,"column":57},"end":{"line":248,"column":57}}]},"54":{"line":248,"type":"if","locations":[{"start":{"line":248,"column":67},"end":{"line":248,"column":67}},{"start":{"line":248,"column":67},"end":{"line":248,"column":67}}]},"55":{"line":249,"type":"if","locations":[{"start":{"line":249,"column":8},"end":{"line":249,"column":8}},{"start":{"line":249,"column":8},"end":{"line":249,"column":8}}]},"56":{"line":256,"type":"if","locations":[{"start":{"line":256,"column":8},"end":{"line":256,"column":8}},{"start":{"line":256,"column":8},"end":{"line":256,"column":8}}]},"57":{"line":257,"type":"if","locations":[{"start":{"line":257,"column":8},"end":{"line":257,"column":8}},{"start":{"line":257,"column":8},"end":{"line":257,"column":8}}]},"58":{"line":260,"type":"if","locations":[{"start":{"line":260,"column":8},"end":{"line":260,"column":8}},{"start":{"line":260,"column":8},"end":{"line":260,"column":8}}]},"59":{"line":265,"type":"if","locations":[{"start":{"line":265,"column":8},"end":{"line":265,"column":8}},{"start":{"line":265,"column":8},"end":{"line":265,"column":8}}]},"60":{"line":272,"type":"if","locations":[{"start":{"line":272,"column":8},"end":{"line":272,"column":8}},{"start":{"line":272,"column":8},"end":{"line":272,"column":8}}]},"61":{"line":273,"type":"if","locations":[{"start":{"line":273,"column":8},"end":{"line":273,"column":8}},{"start":{"line":273,"column":8},"end":{"line":273,"column":8}}]},"62":{"line":276,"type":"if","locations":[{"start":{"line":276,"column":8},"end":{"line":276,"column":8}},{"start":{"line":276,"column":8},"end":{"line":276,"column":8}}]},"63":{"line":281,"type":"if","locations":[{"start":{"line":281,"column":8},"end":{"line":281,"column":8}},{"start":{"line":281,"column":8},"end":{"line":281,"column":8}}]},"64":{"line":288,"type":"if","locations":[{"start":{"line":288,"column":78},"end":{"line":288,"column":78}},{"start":{"line":288,"column":78},"end":{"line":288,"column":78}}]},"65":{"line":289,"type":"if","locations":[{"start":{"line":289,"column":8},"end":{"line":289,"column":8}},{"start":{"line":289,"column":8},"end":{"line":289,"column":8}}]}}},
"contracts/KGenForwarder.sol":{"l":{"35":0,"36":0,"43":0,"44":0,"53":0,"54":0,"56":0,"62":0},"path":"/Users/yashvardhan/Documents/rKGen BSC SC/contracts/KGenForwarder.sol","s":{"1":0,"2":0,"3":0,"4":0,"5":0,"6":0},"b":{"1":[0,0],"2":[0,0],"3":[0,0]},"f":{"1":0,"2":0,"3":0,"4":0,"5":0},"fnMap":{"1":{"name":"constructor","line":29,"loc":{"start":{"line":27,"column":4},"end":{"line":29,"column":57}}},"2":{"name":"addTrustedRelayer","line":34,"loc":{"start":{"line":34,"column":4},"end":{"line":37,"column":4}}},"3":{"name":"removeTrustedRelayer","line":42,"loc":{"start":{"line":42,"column":4},"end":{"line":45,"column":4}}},"4":{"name":"execute","line":50,"loc":{"start":{"line":50,"column":4},"end":{"line":57,"column":4}}},"5":{"name":"recoverForwardRequestSigner","line":59,"loc":{"start":{"line":59,"column":4},"end":{"line":63,"column":4}}}},"statementMap":{"1":{"start":{"line":36,"column":8},"end":{"line":36,"column":41}},"2":{"start":{"line":44,"column":8},"end":{"line":44,"column":43}},"3":{"start":{"line":53,"column":8},"end":{"line":53,"column":2630}},"4":{"start":{"line":54,"column":12},"end":{"line":54,"column":42}},"5":{"start":{"line":56,"column":8},"end":{"line":56,"column":29}},"6":{"start":{"line":62,"column":8},"end":{"line":62,"column":52}}},"branchMap":{"1":{"line":34,"type":"if","locations":[{"start":{"line":34,"column":57},"end":{"line":34,"column":57}},{"start":{"line":34,"column":57},"end":{"line":34,"column":57}}]},"2":{"line":42,"type":"if","locations":[{"start":{"line":42,"column":60},"end":{"line":42,"column":60}},{"start":{"line":42,"column":60},"end":{"line":42,"column":60}}]},"3":{"line":53,"type":"if","locations":[{"start":{"line":53,"column":8},"end":{"line":53,"column":8}},{"start":{"line":53,"column":8},"end":{"line":53,"column":8}}]}}},
"contracts/MockERC20.sol":{"l":{"10":44},"path":"/Users/yashvardhan/Documents/rKGen BSC SC/contracts/MockERC20.sol","s":{"1":44},"b":{},"f":{"1":44,"2":44},"fnMap":{"1":{"name":"constructor","line":7,"loc":{"start":{"line":7,"column":4},"end":{"line":7,"column":79}}},"2":{"name":"mint","line":9,"loc":{"start":{"line":9,"column":4},"end":{"line":11,"column":4}}}},"statementMap":{"1":{"start":{"line":10,"column":8},"end":{"line":10,"column":24}}},"branchMap":{}},
"contracts/rkgen_airdrop.sol":{"l":{"34":84,"35":81,"87":41,"88":41,"89":41,"90":41,"91":41,"92":41,"93":41,"101":3,"102":3,"104":2,"105":2,"114":8,"116":7,"117":7,"121":5,"122":4,"124":3,"125":3,"127":3,"129":3,"137":0,"138":0,"146":18,"159":26,"185":26,"186":26,"187":26,"197":28,"200":27,"203":25,"212":25,"215":22,"218":22,"219":21,"226":0,"232":270,"241":270,"250":0,"259":270,"264":1,"269":1,"277":42,"281":1,"285":4},"path":"/Users/yashvardhan/Documents/rKGen BSC SC/contracts/rkgen_airdrop.sol","s":{"1":84,"2":41,"3":41,"4":41,"5":41,"6":41,"7":3,"8":3,"9":2,"10":8,"11":7,"12":5,"13":4,"14":3,"15":3,"16":3,"17":0,"18":0,"19":18,"20":26,"21":26,"22":26,"23":26,"24":28,"25":27,"26":25,"27":25,"28":22,"29":21,"30":270,"31":270,"32":0,"33":270,"34":1,"35":1,"36":1,"37":4},"b":{"1":[3,81],"2":[41,1],"3":[4,1],"4":[3,1],"5":[0,3],"6":[1,2],"7":[9,1],"8":[8,1],"9":[1,7],"10":[1,4],"11":[1,3],"12":[0,0],"13":[0,0],"14":[28,0],"15":[28,0],"16":[1,27],"17":[2,25],"18":[3,22],"19":[0,0],"20":[0,0],"21":[43,1],"22":[42,1]},"f":{"1":84,"2":41,"3":41,"4":3,"5":8,"6":5,"7":0,"8":18,"9":26,"10":26,"11":28,"12":0,"13":270,"14":270,"15":0,"16":270,"17":1,"18":1,"19":42,"20":1,"21":4},"fnMap":{"1":{"name":"invalidAddressCheck","line":33,"loc":{"start":{"line":33,"column":4},"end":{"line":36,"column":4}}},"2":{"name":"constructor","line":79,"loc":{"start":{"line":79,"column":4},"end":{"line":81,"column":4}}},"3":{"name":"initialize","line":86,"loc":{"start":{"line":83,"column":4},"end":{"line":94,"column":4}}},"4":{"name":"updateSigner","line":99,"loc":{"start":{"line":96,"column":4},"end":{"line":106,"column":4}}},"5":{"name":"nominateAdmin","line":112,"loc":{"start":{"line":109,"column":4},"end":{"line":118,"column":4}}},"6":{"name":"acceptAdminRole","line":120,"loc":{"start":{"line":120,"column":4},"end":{"line":130,"column":4}}},"7":{"name":"withdrawTokens","line":136,"loc":{"start":{"line":133,"column":4},"end":{"line":139,"column":4}}},"8":{"name":"getNonce","line":142,"loc":{"start":{"line":142,"column":4},"end":{"line":147,"column":4}}},"9":{"name":"_hashClaim","line":152,"loc":{"start":{"line":152,"column":4},"end":{"line":172,"column":4}}},"10":{"name":"_verifyClaimSignature","line":177,"loc":{"start":{"line":177,"column":4},"end":{"line":188,"column":4}}},"11":{"name":"claim","line":196,"loc":{"start":{"line":190,"column":4},"end":{"line":220,"column":4}}},"12":{"name":"setTrustedForwarder","line":225,"loc":{"start":{"line":222,"column":4},"end":{"line":227,"column":4}}},"13":{"name":"isTrustedForwarder","line":229,"loc":{"start":{"line":229,"column":4},"end":{"line":233,"column":4}}},"14":{"name":"_msgSender","line":235,"loc":{"start":{"line":235,"column":4},"end":{"line":242,"column":4}}},"15":{"name":"_msgData","line":244,"loc":{"start":{"line":244,"column":4},"end":{"line":251,"column":4}}},"16":{"name":"_contextSuffixLength","line":253,"loc":{"start":{"line":253,"column":4},"end":{"line":260,"column":4}}},"17":{"name":"getNominatedAdmin","line":263,"loc":{"start":{"line":263,"column":4},"end":{"line":265,"column":4}}},"18":{"name":"getRewardSigner","line":268,"loc":{"start":{"line":268,"column":4},"end":{"line":270,"column":4}}},"19":{"name":"whitelistToken","line":275,"loc":{"start":{"line":272,"column":4},"end":{"line":278,"column":4}}},"20":{"name":"isWhitelistedToken","line":280,"loc":{"start":{"line":280,"column":4},"end":{"line":282,"column":4}}},"21":{"name":"getDomainSeparator","line":284,"loc":{"start":{"line":284,"column":4},"end":{"line":286,"column":4}}}},"statementMap":{"1":{"start":{"line":34,"column":8},"end":{"line":34,"column":59}},"2":{"start":{"line":87,"column":8},"end":{"line":87,"column":29}},"3":{"start":{"line":88,"column":8},"end":{"line":88,"column":51}},"4":{"start":{"line":89,"column":8},"end":{"line":89,"column":43}},"5":{"start":{"line":90,"column":8},"end":{"line":90,"column":31}},"6":{"start":{"line":93,"column":8},"end":{"line":93,"column":32}},"7":{"start":{"line":101,"column":8},"end":{"line":101,"column":59}},"8":{"start":{"line":102,"column":8},"end":{"line":102,"column":61}},"9":{"start":{"line":105,"column":8},"end":{"line":105,"column":37}},"10":{"start":{"line":114,"column":8},"end":{"line":114,"column":58}},"11":{"start":{"line":117,"column":8},"end":{"line":117,"column":37}},"12":{"start":{"line":121,"column":8},"end":{"line":121,"column":67}},"13":{"start":{"line":122,"column":8},"end":{"line":122,"column":63}},"14":{"start":{"line":124,"column":8},"end":{"line":124,"column":49}},"15":{"start":{"line":125,"column":8},"end":{"line":125,"column":41}},"16":{"start":{"line":129,"column":8},"end":{"line":129,"column":37}},"17":{"start":{"line":137,"column":8},"end":{"line":137,"column":53}},"18":{"start":{"line":138,"column":8},"end":{"line":138,"column":55}},"19":{"start":{"line":146,"column":8},"end":{"line":146,"column":34}},"20":{"start":{"line":159,"column":8},"end":{"line":159,"column":4865}},"21":{"start":{"line":185,"column":8},"end":{"line":185,"column":71}},"22":{"start":{"line":186,"column":8},"end":{"line":186,"column":58}},"23":{"start":{"line":187,"column":8},"end":{"line":187,"column":40}},"24":{"start":{"line":197,"column":8},"end":{"line":197,"column":67}},"25":{"start":{"line":200,"column":8},"end":{"line":200,"column":63}},"26":{"start":{"line":203,"column":8},"end":{"line":203,"column":6132}},"27":{"start":{"line":212,"column":8},"end":{"line":212,"column":47}},"28":{"start":{"line":218,"column":8},"end":{"line":218,"column":47}},"29":{"start":{"line":219,"column":8},"end":{"line":219,"column":48}},"30":{"start":{"line":232,"column":8},"end":{"line":232,"column":42}},"31":{"start":{"line":241,"column":8},"end":{"line":241,"column":53}},"32":{"start":{"line":250,"column":8},"end":{"line":250,"column":51}},"33":{"start":{"line":259,"column":8},"end":{"line":259,"column":63}},"34":{"start":{"line":264,"column":8},"end":{"line":264,"column":29}},"35":{"start":{"line":269,"column":8},"end":{"line":269,"column":27}},"36":{"start":{"line":281,"column":8},"end":{"line":281,"column":39}},"37":{"start":{"line":285,"column":8},"end":{"line":285,"column":35}}},"branchMap":{"1":{"line":34,"type":"if","locations":[{"start":{"line":34,"column":8},"end":{"line":34,"column":8}},{"start":{"line":34,"column":8},"end":{"line":34,"column":8}}]},"2":{"line":86,"type":"if","locations":[{"start":{"line":86,"column":15},"end":{"line":86,"column":15}},{"start":{"line":86,"column":15},"end":{"line":86,"column":15}}]},"3":{"line":98,"type":"if","locations":[{"start":{"line":98,"column":8},"end":{"line":98,"column":8}},{"start":{"line":98,"column":8},"end":{"line":98,"column":8}}]},"4":{"line":99,"type":"if","locations":[{"start":{"line":99,"column":8},"end":{"line":99,"column":8}},{"start":{"line":99,"column":8},"end":{"line":99,"column":8}}]},"5":{"line":101,"type":"if","locations":[{"start":{"line":101,"column":8},"end":{"line":101,"column":8}},{"start":{"line":101,"column":8},"end":{"line":101,"column":8}}]},"6":{"line":102,"type":"if","locations":[{"start":{"line":102,"column":8},"end":{"line":102,"column":8}},{"start":{"line":102,"column":8},"end":{"line":102,"column":8}}]},"7":{"line":111,"type":"if","locations":[{"start":{"line":111,"column":8},"end":{"line":111,"column":8}},{"start":{"line":111,"column":8},"end":{"line":111,"column":8}}]},"8":{"line":112,"type":"if","locations":[{"start":{"line":112,"column":8},"end":{"line":112,"column":8}},{"start":{"line":112,"column":8},"end":{"line":112,"column":8}}]},"9":{"line":114,"type":"if","locations":[{"start":{"line":114,"column":8},"end":{"line":114,"column":8}},{"start":{"line":114,"column":8},"end":{"line":114,"column":8}}]},"10":{"line":121,"type":"if","locations":[{"start":{"line":121,"column":8},"end":{"line":121,"column":8}},{"start":{"line":121,"column":8},"end":{"line":121,"column":8}}]},"11":{"line":122,"type":"if","locations":[{"start":{"line":122,"column":8},"end":{"line":122,"column":8}},{"start":{"line":122,"column":8},"end":{"line":122,"column":8}}]},"12":{"line":136,"type":"if","locations":[{"start":{"line":136,"column":15},"end":{"line":136,"column":15}},{"start":{"line":136,"column":15},"end":{"line":136,"column":15}}]},"13":{"line":136,"type":"if","locations":[{"start":{"line":136,"column":36},"end":{"line":136,"column":36}},{"start":{"line":136,"column":36},"end":{"line":136,"column":36}}]},"14":{"line":196,"type":"if","locations":[{"start":{"line":196,"column":15},"end":{"line":196,"column":15}},{"start":{"line":196,"column":15},"end":{"line":196,"column":15}}]},"15":{"line":196,"type":"if","locations":[{"start":{"line":196,"column":28},"end":{"line":196,"column":28}},{"start":{"line":196,"column":28},"end":{"line":196,"column":28}}]},"16":{"line":197,"type":"if","locations":[{"start":{"line":197,"column":8},"end":{"line":197,"column":8}},{"start":{"line":197,"column":8},"end":{"line":197,"column":8}}]},"17":{"line":200,"type":"if","locations":[{"start":{"line":200,"column":8},"end":{"line":200,"column":8}},{"start":{"line":200,"column":8},"end":{"line":200,"column":8}}]},"18":{"line":212,"type":"if","locations":[{"start":{"line":212,"column":8},"end":{"line":212,"column":8}},{"start":{"line":212,"column":8},"end":{"line":212,"column":8}}]},"19":{"line":225,"type":"if","locations":[{"start":{"line":225,"column":15},"end":{"line":225,"column":15}},{"start":{"line":225,"column":15},"end":{"line":225,"column":15}}]},"20":{"line":225,"type":"if","locations":[{"start":{"line":225,"column":44},"end":{"line":225,"column":44}},{"start":{"line":225,"column":44},"end":{"line":225,"column":44}}]},"21":{"line":274,"type":"if","locations":[{"start":{"line":274,"column":8},"end":{"line":274,"column":8}},{"start":{"line":274,"column":8},"end":{"line":274,"column":8}}]},"22":{"line":275,"type":"if","locations":[{"start":{"line":275,"column":8},"end":{"line":275,"column":8}},{"start":{"line":275,"column":8},"end":{"line":275,"column":8}}]}}},
"contracts/rKGEN.sol":{"l":{"70":1,"74":73,"75":73,"76":73,"78":73,"79":73,"80":73,"81":73,"88":1,"95":108,"96":104,"103":290,"104":285,"111":33,"112":31,"119":94,"120":3,"122":91,"139":12,"140":11,"157":1,"158":0,"173":78,"174":78,"187":5,"198":5,"199":5,"210":1,"211":1,"222":4,"223":3,"224":3,"234":3,"237":1,"238":1,"239":1,"240":1,"241":1,"245":1,"246":1,"247":1,"258":7,"260":6,"261":6,"272":2,"274":1,"275":1,"286":7,"288":6,"289":6,"300":2,"302":1,"303":1,"315":3,"318":2,"319":2,"320":2,"321":2,"322":2,"326":2,"327":2,"339":8,"342":7,"343":7,"344":7,"345":7,"346":7,"350":7,"351":7,"362":8,"364":7,"367":7,"368":7,"369":7,"373":7,"374":7,"375":7,"378":7,"389":2,"391":1,"392":1,"403":23,"405":22,"406":22,"417":6,"418":5,"420":4,"421":4,"432":99,"434":98,"435":98,"446":4,"448":3,"449":3,"456":3,"462":902,"471":900,"480":0,"489":900},"path":"/Users/yashvardhan/Documents/rKGen BSC SC/contracts/rKGEN.sol","s":{"1":1,"2":73,"3":73,"4":73,"5":73,"6":73,"7":73,"8":73,"9":1,"10":108,"11":290,"12":33,"13":94,"14":12,"15":11,"16":1,"17":0,"18":78,"19":78,"20":5,"21":5,"22":1,"23":4,"24":3,"25":3,"26":1,"27":1,"28":1,"29":1,"30":1,"31":1,"32":1,"33":7,"34":6,"35":6,"36":2,"37":1,"38":1,"39":7,"40":6,"41":6,"42":2,"43":1,"44":1,"45":3,"46":2,"47":2,"48":2,"49":2,"50":2,"51":2,"52":2,"53":8,"54":7,"55":7,"56":7,"57":7,"58":7,"59":7,"60":7,"61":8,"62":7,"63":7,"64":7,"65":7,"66":7,"67":7,"68":7,"69":7,"70":2,"71":1,"72":1,"73":23,"74":22,"75":22,"76":6,"77":5,"78":4,"79":4,"80":99,"81":98,"82":98,"83":4,"84":3,"85":3,"86":902,"87":900,"88":0,"89":900},"b":{"1":[73,1],"2":[4,104],"3":[5,285],"4":[2,31],"5":[3,91],"6":[17,0],"7":[16,1],"8":[15,1],"9":[14,1],"10":[13,1],"11":[12,1],"12":[1,11],"13":[3,0],"14":[2,1],"15":[2,0],"16":[2,0],"17":[2,0],"18":[1,1],"19":[1,0],"20":[82,0],"21":[81,1],"22":[80,1],"23":[79,1],"24":[78,1],"25":[8,0],"26":[7,1],"27":[6,1],"28":[5,1],"29":[6,1],"30":[5,1],"31":[2,1],"32":[1,1],"33":[4,1],"34":[4,0],"35":[1,3],"36":[3,0],"37":[2,1],"38":[1,0],"39":[7,0],"40":[7,0],"41":[1,6],"42":[2,0],"43":[2,0],"44":[1,1],"45":[7,0],"46":[7,0],"47":[1,6],"48":[2,0],"49":[2,0],"50":[1,1],"51":[3,0],"52":[3,0],"53":[1,2],"54":[2,0],"55":[8,0],"56":[8,0],"57":[1,7],"58":[7,0],"59":[8,0],"60":[8,0],"61":[1,7],"62":[7,0],"63":[7,0],"64":[2,0],"65":[2,0],"66":[1,1],"67":[23,0],"68":[23,0],"69":[1,22],"70":[6,0],"71":[6,0],"72":[1,5],"73":[1,4],"74":[99,0],"75":[99,0],"76":[1,98],"77":[4,0],"78":[4,0],"79":[1,3],"80":[3,1]},"f":{"1":1,"2":73,"3":1,"4":108,"5":290,"6":33,"7":94,"8":12,"9":1,"10":78,"11":5,"12":5,"13":1,"14":4,"15":3,"16":7,"17":2,"18":7,"19":2,"20":3,"21":8,"22":8,"23":2,"24":23,"25":6,"26":99,"27":4,"28":3,"29":902,"30":900,"31":0,"32":900},"fnMap":{"1":{"name":"constructor","line":69,"loc":{"start":{"line":69,"column":4},"end":{"line":71,"column":4}}},"2":{"name":"initialize","line":73,"loc":{"start":{"line":73,"column":4},"end":{"line":85,"column":4}}},"3":{"name":"decimals","line":87,"loc":{"start":{"line":87,"column":4},"end":{"line":89,"column":4}}},"4":{"name":"validAmount","line":94,"loc":{"start":{"line":94,"column":4},"end":{"line":97,"column":4}}},"5":{"name":"validAddress","line":102,"loc":{"start":{"line":102,"column":4},"end":{"line":105,"column":4}}},"6":{"name":"notFrozen","line":110,"loc":{"start":{"line":110,"column":4},"end":{"line":113,"column":4}}},"7":{"name":"whitelistedTransfer","line":118,"loc":{"start":{"line":118,"column":4},"end":{"line":123,"column":4}}},"8":{"name":"transfer","line":136,"loc":{"start":{"line":128,"column":4},"end":{"line":141,"column":4}}},"9":{"name":"transferFrom","line":154,"loc":{"start":{"line":146,"column":4},"end":{"line":159,"column":4}}},"10":{"name":"mint","line":170,"loc":{"start":{"line":164,"column":4},"end":{"line":175,"column":4}}},"11":{"name":"burn","line":185,"loc":{"start":{"line":180,"column":4},"end":{"line":188,"column":4}}},"12":{"name":"freezeAccount","line":196,"loc":{"start":{"line":193,"column":4},"end":{"line":200,"column":4}}},"13":{"name":"unfreezeAccount","line":208,"loc":{"start":{"line":205,"column":4},"end":{"line":212,"column":4}}},"14":{"name":"nominateAdmin","line":220,"loc":{"start":{"line":217,"column":4},"end":{"line":225,"column":4}}},"15":{"name":"acceptAdminRole","line":232,"loc":{"start":{"line":230,"column":4},"end":{"line":248,"column":4}}},"16":{"name":"addMinter","line":256,"loc":{"start":{"line":253,"column":4},"end":{"line":262,"column":4}}},"17":{"name":"removeMinter","line":270,"loc":{"start":{"line":267,"column":4},"end":{"line":276,"column":4}}},"18":{"name":"addBurnVault","line":284,"loc":{"start":{"line":281,"column":4},"end":{"line":290,"column":4}}},"19":{"name":"removeBurnVault","line":298,"loc":{"start":{"line":295,"column":4},"end":{"line":304,"column":4}}},"20":{"name":"updateMinter","line":313,"loc":{"start":{"line":310,"column":4},"end":{"line":328,"column":4}}},"21":{"name":"updateBurnVault","line":337,"loc":{"start":{"line":334,"column":4},"end":{"line":352,"column":4}}},"22":{"name":"addTreasuryAddress","line":360,"loc":{"start":{"line":357,"column":4},"end":{"line":379,"column":4}}},"23":{"name":"removeTreasuryAddress","line":387,"loc":{"start":{"line":384,"column":4},"end":{"line":393,"column":4}}},"24":{"name":"addWhitelistSender","line":401,"loc":{"start":{"line":398,"column":4},"end":{"line":407,"column":4}}},"25":{"name":"removeWhitelistSender","line":415,"loc":{"start":{"line":412,"column":4},"end":{"line":422,"column":4}}},"26":{"name":"addWhitelistReceiver","line":430,"loc":{"start":{"line":427,"column":4},"end":{"line":436,"column":4}}},"27":{"name":"removeWhitelistReceiver","line":444,"loc":{"start":{"line":441,"column":4},"end":{"line":450,"column":4}}},"28":{"name":"setTrustedForwarder","line":455,"loc":{"start":{"line":452,"column":4},"end":{"line":457,"column":4}}},"29":{"name":"isTrustedForwarder","line":459,"loc":{"start":{"line":459,"column":4},"end":{"line":463,"column":4}}},"30":{"name":"_msgSender","line":465,"loc":{"start":{"line":465,"column":4},"end":{"line":472,"column":4}}},"31":{"name":"_msgData","line":474,"loc":{"start":{"line":474,"column":4},"end":{"line":481,"column":4}}},"32":{"name":"_contextSuffixLength","line":483,"loc":{"start":{"line":483,"column":4},"end":{"line":490,"column":4}}}},"statementMap":{"1":{"start":{"line":70,"column":8},"end":{"line":70,"column":29}},"2":{"start":{"line":74,"column":8},"end":{"line":74,"column":37}},"3":{"start":{"line":75,"column":8},"end":{"line":75,"column":39}},"4":{"start":{"line":76,"column":8},"end":{"line":76,"column":31}},"5":{"start":{"line":78,"column":8},"end":{"line":78,"column":51}},"6":{"start":{"line":79,"column":8},"end":{"line":79,"column":44}},"7":{"start":{"line":80,"column":8},"end":{"line":80,"column":48}},"8":{"start":{"line":81,"column":8},"end":{"line":81,"column":46}},"9":{"start":{"line":88,"column":8},"end":{"line":88,"column":16}},"10":{"start":{"line":95,"column":8},"end":{"line":95,"column":47}},"11":{"start":{"line":103,"column":8},"end":{"line":103,"column":56}},"12":{"start":{"line":111,"column":8},"end":{"line":111,"column":61}},"13":{"start":{"line":119,"column":8},"end":{"line":119,"column":4314}},"14":{"start":{"line":139,"column":8},"end":{"line":139,"column":61}},"15":{"start":{"line":140,"column":8},"end":{"line":140,"column":41}},"16":{"start":{"line":157,"column":8},"end":{"line":157,"column":53}},"17":{"start":{"line":158,"column":8},"end":{"line":158,"column":51}},"18":{"start":{"line":173,"column":8},"end":{"line":173,"column":24}},"19":{"start":{"line":174,"column":8},"end":{"line":174,"column":41}},"20":{"start":{"line":187,"column":8},"end":{"line":187,"column":26}},"21":{"start":{"line":199,"column":8},"end":{"line":199,"column":35}},"22":{"start":{"line":211,"column":8},"end":{"line":211,"column":37}},"23":{"start":{"line":222,"column":8},"end":{"line":222,"column":65}},"24":{"start":{"line":224,"column":8},"end":{"line":224,"column":104}},"25":{"start":{"line":234,"column":8},"end":{"line":234,"column":65}},"26":{"start":{"line":237,"column":8},"end":{"line":237,"column":67}},"27":{"start":{"line":238,"column":8},"end":{"line":238,"column":7405}},"28":{"start":{"line":239,"column":12},"end":{"line":239,"column":67}},"29":{"start":{"line":240,"column":12},"end":{"line":240,"column":7533}},"30":{"start":{"line":241,"column":16},"end":{"line":241,"column":56}},"31":{"start":{"line":245,"column":8},"end":{"line":245,"column":51}},"32":{"start":{"line":247,"column":8},"end":{"line":247,"column":58}},"33":{"start":{"line":258,"column":8},"end":{"line":258,"column":67}},"34":{"start":{"line":260,"column":8},"end":{"line":260,"column":41}},"35":{"start":{"line":261,"column":8},"end":{"line":261,"column":57}},"36":{"start":{"line":272,"column":8},"end":{"line":272,"column":68}},"37":{"start":{"line":274,"column":8},"end":{"line":274,"column":46}},"38":{"start":{"line":275,"column":8},"end":{"line":275,"column":59}},"39":{"start":{"line":286,"column":8},"end":{"line":286,"column":77}},"40":{"start":{"line":288,"column":8},"end":{"line":288,"column":48}},"41":{"start":{"line":289,"column":8},"end":{"line":289,"column":67}},"42":{"start":{"line":300,"column":8},"end":{"line":300,"column":78}},"43":{"start":{"line":302,"column":8},"end":{"line":302,"column":53}},"44":{"start":{"line":303,"column":8},"end":{"line":303,"column":69}},"45":{"start":{"line":315,"column":8},"end":{"line":315,"column":67}},"46":{"start":{"line":318,"column":8},"end":{"line":318,"column":61}},"47":{"start":{"line":319,"column":8},"end":{"line":319,"column":9918}},"48":{"start":{"line":320,"column":12},"end":{"line":320,"column":61}},"49":{"start":{"line":321,"column":12},"end":{"line":321,"column":10041}},"50":{"start":{"line":322,"column":16},"end":{"line":322,"column":50}},"51":{"start":{"line":326,"column":8},"end":{"line":326,"column":41}},"52":{"start":{"line":327,"column":8},"end":{"line":327,"column":64}},"53":{"start":{"line":339,"column":8},"end":{"line":339,"column":77}},"54":{"start":{"line":342,"column":8},"end":{"line":342,"column":68}},"55":{"start":{"line":343,"column":8},"end":{"line":343,"column":10822}},"56":{"start":{"line":344,"column":12},"end":{"line":344,"column":68}},"57":{"start":{"line":345,"column":12},"end":{"line":345,"column":10955}},"58":{"start":{"line":346,"column":16},"end":{"line":346,"column":57}},"59":{"start":{"line":350,"column":8},"end":{"line":350,"column":48}},"60":{"start":{"line":351,"column":8},"end":{"line":351,"column":74}},"61":{"start":{"line":362,"column":8},"end":{"line":362,"column":72}},"62":{"start":{"line":364,"column":8},"end":{"line":364,"column":44}},"63":{"start":{"line":367,"column":8},"end":{"line":367,"column":11610}},"64":{"start":{"line":368,"column":12},"end":{"line":368,"column":56}},"65":{"start":{"line":369,"column":12},"end":{"line":369,"column":81}},"66":{"start":{"line":373,"column":8},"end":{"line":373,"column":11889}},"67":{"start":{"line":374,"column":12},"end":{"line":374,"column":58}},"68":{"start":{"line":375,"column":12},"end":{"line":375,"column":85}},"69":{"start":{"line":378,"column":8},"end":{"line":378,"column":75}},"70":{"start":{"line":389,"column":8},"end":{"line":389,"column":74}},"71":{"start":{"line":391,"column":8},"end":{"line":391,"column":50}},"72":{"start":{"line":392,"column":8},"end":{"line":392,"column":80}},"73":{"start":{"line":403,"column":8},"end":{"line":403,"column":89}},"74":{"start":{"line":405,"column":8},"end":{"line":405,"column":52}},"75":{"start":{"line":406,"column":8},"end":{"line":406,"column":77}},"76":{"start":{"line":417,"column":8},"end":{"line":417,"column":89}},"77":{"start":{"line":418,"column":8},"end":{"line":418,"column":87}},"78":{"start":{"line":420,"column":8},"end":{"line":420,"column":56}},"79":{"start":{"line":421,"column":8},"end":{"line":421,"column":89}},"80":{"start":{"line":432,"column":8},"end":{"line":432,"column":93}},"81":{"start":{"line":434,"column":8},"end":{"line":434,"column":54}},"82":{"start":{"line":435,"column":8},"end":{"line":435,"column":81}},"83":{"start":{"line":446,"column":8},"end":{"line":446,"column":95}},"84":{"start":{"line":448,"column":8},"end":{"line":448,"column":60}},"85":{"start":{"line":449,"column":8},"end":{"line":449,"column":95}},"86":{"start":{"line":462,"column":8},"end":{"line":462,"column":42}},"87":{"start":{"line":471,"column":8},"end":{"line":471,"column":53}},"88":{"start":{"line":480,"column":8},"end":{"line":480,"column":51}},"89":{"start":{"line":489,"column":8},"end":{"line":489,"column":63}}},"branchMap":{"1":{"line":73,"type":"if","locations":[{"start":{"line":73,"column":53},"end":{"line":73,"column":53}},{"start":{"line":73,"column":53},"end":{"line":73,"column":53}}]},"2":{"line":95,"type":"if","locations":[{"start":{"line":95,"column":8},"end":{"line":95,"column":8}},{"start":{"line":95,"column":8},"end":{"line":95,"column":8}}]},"3":{"line":103,"type":"if","locations":[{"start":{"line":103,"column":8},"end":{"line":103,"column":8}},{"start":{"line":103,"column":8},"end":{"line":103,"column":8}}]},"4":{"line":111,"type":"if","locations":[{"start":{"line":111,"column":8},"end":{"line":111,"column":8}},{"start":{"line":111,"column":8},"end":{"line":111,"column":8}}]},"5":{"line":119,"type":"if","locations":[{"start":{"line":119,"column":8},"end":{"line":119,"column":8}},{"start":{"line":119,"column":8},"end":{"line":119,"column":8}}]},"6":{"line":131,"type":"if","locations":[{"start":{"line":131,"column":8},"end":{"line":131,"column":8}},{"start":{"line":131,"column":8},"end":{"line":131,"column":8}}]},"7":{"line":132,"type":"if","locations":[{"start":{"line":132,"column":8},"end":{"line":132,"column":8}},{"start":{"line":132,"column":8},"end":{"line":132,"column":8}}]},"8":{"line":133,"type":"if","locations":[{"start":{"line":133,"column":8},"end":{"line":133,"column":8}},{"start":{"line":133,"column":8},"end":{"line":133,"column":8}}]},"9":{"line":134,"type":"if","locations":[{"start":{"line":134,"column":8},"end":{"line":134,"column":8}},{"start":{"line":134,"column":8},"end":{"line":134,"column":8}}]},"10":{"line":135,"type":"if","locations":[{"start":{"line":135,"column":8},"end":{"line":135,"column":8}},{"start":{"line":135,"column":8},"end":{"line":135,"column":8}}]},"11":{"line":136,"type":"if","locations":[{"start":{"line":136,"column":8},"end":{"line":136,"column":8}},{"start":{"line":136,"column":8},"end":{"line":136,"column":8}}]},"12":{"line":139,"type":"if","locations":[{"start":{"line":139,"column":8},"end":{"line":139,"column":8}},{"start":{"line":139,"column":8},"end":{"line":139,"column":8}}]},"13":{"line":149,"type":"if","locations":[{"start":{"line":149,"column":8},"end":{"line":149,"column":8}},{"start":{"line":149,"column":8},"end":{"line":149,"column":8}}]},"14":{"line":150,"type":"if","locations":[{"start":{"line":150,"column":8},"end":{"line":150,"column":8}},{"start":{"line":150,"column":8},"end":{"line":150,"column":8}}]},"15":{"line":151,"type":"if","locations":[{"start":{"line":151,"column":8},"end":{"line":151,"column":8}},{"start":{"line":151,"column":8},"end":{"line":151,"column":8}}]},"16":{"line":152,"type":"if","locations":[{"start":{"line":152,"column":8},"end":{"line":152,"column":8}},{"start":{"line":152,"column":8},"end":{"line":152,"column":8}}]},"17":{"line":153,"type":"if","locations":[{"start":{"line":153,"column":8},"end":{"line":153,"column":8}},{"start":{"line":153,"column":8},"end":{"line":153,"column":8}}]},"18":{"line":154,"type":"if","locations":[{"start":{"line":154,"column":8},"end":{"line":154,"column":8}},{"start":{"line":154,"column":8},"end":{"line":154,"column":8}}]},"19":{"line":157,"type":"if","locations":[{"start":{"line":157,"column":8},"end":{"line":157,"column":8}},{"start":{"line":157,"column":8},"end":{"line":157,"column":8}}]},"20":{"line":166,"type":"if","locations":[{"start":{"line":166,"column":8},"end":{"line":166,"column":8}},{"start":{"line":166,"column":8},"end":{"line":166,"column":8}}]},"21":{"line":167,"type":"if","locations":[{"start":{"line":167,"column":8},"end":{"line":167,"column":8}},{"start":{"line":167,"column":8},"end":{"line":167,"column":8}}]},"22":{"line":168,"type":"if","locations":[{"start":{"line":168,"column":8},"end":{"line":168,"column":8}},{"start":{"line":168,"column":8},"end":{"line":168,"column":8}}]},"23":{"line":169,"type":"if","locations":[{"start":{"line":169,"column":8},"end":{"line":169,"column":8}},{"start":{"line":169,"column":8},"end":{"line":169,"column":8}}]},"24":{"line":170,"type":"if","locations":[{"start":{"line":170,"column":8},"end":{"line":170,"column":8}},{"start":{"line":170,"column":8},"end":{"line":170,"column":8}}]},"25":{"line":182,"type":"if","locations":[{"start":{"line":182,"column":8},"end":{"line":182,"column":8}},{"start":{"line":182,"column":8},"end":{"line":182,"column":8}}]},"26":{"line":183,"type":"if","locations":[{"start":{"line":183,"column":8},"end":{"line":183,"column":8}},{"start":{"line":183,"column":8},"end":{"line":183,"column":8}}]},"27":{"line":184,"type":"if","locations":[{"start":{"line":184,"column":8},"end":{"line":184,"column":8}},{"start":{"line":184,"column":8},"end":{"line":184,"column":8}}]},"28":{"line":185,"type":"if","locations":[{"start":{"line":185,"column":8},"end":{"line":185,"column":8}},{"start":{"line":185,"column":8},"end":{"line":185,"column":8}}]},"29":{"line":195,"type":"if","locations":[{"start":{"line":195,"column":8},"end":{"line":195,"column":8}},{"start":{"line":195,"column":8},"end":{"line":195,"column":8}}]},"30":{"line":196,"type":"if","locations":[{"start":{"line":196,"column":8},"end":{"line":196,"column":8}},{"start":{"line":196,"column":8},"end":{"line":196,"column":8}}]},"31":{"line":207,"type":"if","locations":[{"start":{"line":207,"column":8},"end":{"line":207,"column":8}},{"start":{"line":207,"column":8},"end":{"line":207,"column":8}}]},"32":{"line":208,"type":"if","locations":[{"start":{"line":208,"column":8},"end":{"line":208,"column":8}},{"start":{"line":208,"column":8},"end":{"line":208,"column":8}}]},"33":{"line":219,"type":"if","locations":[{"start":{"line":219,"column":8},"end":{"line":219,"column":8}},{"start":{"line":219,"column":8},"end":{"line":219,"column":8}}]},"34":{"line":220,"type":"if","locations":[{"start":{"line":220,"column":8},"end":{"line":220,"column":8}},{"start":{"line":220,"column":8},"end":{"line":220,"column":8}}]},"35":{"line":222,"type":"if","locations":[{"start":{"line":222,"column":8},"end":{"line":222,"column":8}},{"start":{"line":222,"column":8},"end":{"line":222,"column":8}}]},"36":{"line":232,"type":"if","locations":[{"start":{"line":232,"column":8},"end":{"line":232,"column":8}},{"start":{"line":232,"column":8},"end":{"line":232,"column":8}}]},"37":{"line":234,"type":"if","locations":[{"start":{"line":234,"column":8},"end":{"line":234,"column":8}},{"start":{"line":234,"column":8},"end":{"line":234,"column":8}}]},"38":{"line":240,"type":"if","locations":[{"start":{"line":240,"column":12},"end":{"line":240,"column":12}},{"start":{"line":240,"column":12},"end":{"line":240,"column":12}}]},"39":{"line":255,"type":"if","locations":[{"start":{"line":255,"column":8},"end":{"line":255,"column":8}},{"start":{"line":255,"column":8},"end":{"line":255,"column":8}}]},"40":{"line":256,"type":"if","locations":[{"start":{"line":256,"column":8},"end":{"line":256,"column":8}},{"start":{"line":256,"column":8},"end":{"line":256,"column":8}}]},"41":{"line":258,"type":"if","locations":[{"start":{"line":258,"column":8},"end":{"line":258,"column":8}},{"start":{"line":258,"column":8},"end":{"line":258,"column":8}}]},"42":{"line":269,"type":"if","locations":[{"start":{"line":269,"column":8},"end":{"line":269,"column":8}},{"start":{"line":269,"column":8},"end":{"line":269,"column":8}}]},"43":{"line":270,"type":"if","locations":[{"start":{"line":270,"column":8},"end":{"line":270,"column":8}},{"start":{"line":270,"column":8},"end":{"line":270,"column":8}}]},"44":{"line":272,"type":"if","locations":[{"start":{"line":272,"column":8},"end":{"line":272,"column":8}},{"start":{"line":272,"column":8},"end":{"line":272,"column":8}}]},"45":{"line":283,"type":"if","locations":[{"start":{"line":283,"column":8},"end":{"line":283,"column":8}},{"start":{"line":283,"column":8},"end":{"line":283,"column":8}}]},"46":{"line":284,"type":"if","locations":[{"start":{"line":284,"column":8},"end":{"line":284,"column":8}},{"start":{"line":284,"column":8},"end":{"line":284,"column":8}}]},"47":{"line":286,"type":"if","locations":[{"start":{"line":286,"column":8},"end":{"line":286,"column":8}},{"start":{"line":286,"column":8},"end":{"line":286,"column":8}}]},"48":{"line":297,"type":"if","locations":[{"start":{"line":297,"column":8},"end":{"line":297,"column":8}},{"start":{"line":297,"column":8},"end":{"line":297,"column":8}}]},"49":{"line":298,"type":"if","locations":[{"start":{"line":298,"column":8},"end":{"line":298,"column":8}},{"start":{"line":298,"column":8},"end":{"line":298,"column":8}}]},"50":{"line":300,"type":"if","locations":[{"start":{"line":300,"column":8},"end":{"line":300,"column":8}},{"start":{"line":300,"column":8},"end":{"line":300,"column":8}}]},"51":{"line":312,"type":"if","locations":[{"start":{"line":312,"column":8},"end":{"line":312,"column":8}},{"start":{"line":312,"column":8},"end":{"line":312,"column":8}}]},"52":{"line":313,"type":"if","locations":[{"start":{"line":313,"column":8},"end":{"line":313,"column":8}},{"start":{"line":313,"column":8},"end":{"line":313,"column":8}}]},"53":{"line":315,"type":"if","locations":[{"start":{"line":315,"column":8},"end":{"line":315,"column":8}},{"start":{"line":315,"column":8},"end":{"line":315,"column":8}}]},"54":{"line":321,"type":"if","locations":[{"start":{"line":321,"column":12},"end":{"line":321,"column":12}},{"start":{"line":321,"column":12},"end":{"line":321,"column":12}}]},"55":{"line":336,"type":"if","locations":[{"start":{"line":336,"column":8},"end":{"line":336,"column":8}},{"start":{"line":336,"column":8},"end":{"line":336,"column":8}}]},"56":{"line":337,"type":"if","locations":[{"start":{"line":337,"column":8},"end":{"line":337,"column":8}},{"start":{"line":337,"column":8},"end":{"line":337,"column":8}}]},"57":{"line":339,"type":"if","locations":[{"start":{"line":339,"column":8},"end":{"line":339,"column":8}},{"start":{"line":339,"column":8},"end":{"line":339,"column":8}}]},"58":{"line":345,"type":"if","locations":[{"start":{"line":345,"column":12},"end":{"line":345,"column":12}},{"start":{"line":345,"column":12},"end":{"line":345,"column":12}}]},"59":{"line":359,"type":"if","locations":[{"start":{"line":359,"column":8},"end":{"line":359,"column":8}},{"start":{"line":359,"column":8},"end":{"line":359,"column":8}}]},"60":{"line":360,"type":"if","locations":[{"start":{"line":360,"column":8},"end":{"line":360,"column":8}},{"start":{"line":360,"column":8},"end":{"line":360,"column":8}}]},"61":{"line":362,"type":"if","locations":[{"start":{"line":362,"column":8},"end":{"line":362,"column":8}},{"start":{"line":362,"column":8},"end":{"line":362,"column":8}}]},"62":{"line":367,"type":"if","locations":[{"start":{"line":367,"column":8},"end":{"line":367,"column":8}},{"start":{"line":367,"column":8},"end":{"line":367,"column":8}}]},"63":{"line":373,"type":"if","locations":[{"start":{"line":373,"column":8},"end":{"line":373,"column":8}},{"start":{"line":373,"column":8},"end":{"line":373,"column":8}}]},"64":{"line":386,"type":"if","locations":[{"start":{"line":386,"column":8},"end":{"line":386,"column":8}},{"start":{"line":386,"column":8},"end":{"line":386,"column":8}}]},"65":{"line":387,"type":"if","locations":[{"start":{"line":387,"column":8},"end":{"line":387,"column":8}},{"start":{"line":387,"column":8},"end":{"line":387,"column":8}}]},"66":{"line":389,"type":"if","locations":[{"start":{"line":389,"column":8},"end":{"line":389,"column":8}},{"start":{"line":389,"column":8},"end":{"line":389,"column":8}}]},"67":{"line":400,"type":"if","locations":[{"start":{"line":400,"column":8},"end":{"line":400,"column":8}},{"start":{"line":400,"column":8},"end":{"line":400,"column":8}}]},"68":{"line":401,"type":"if","locations":[{"start":{"line":401,"column":8},"end":{"line":401,"column":8}},{"start":{"line":401,"column":8},"end":{"line":401,"column":8}}]},"69":{"line":403,"type":"if","locations":[{"start":{"line":403,"column":8},"end":{"line":403,"column":8}},{"start":{"line":403,"column":8},"end":{"line":403,"column":8}}]},"70":{"line":414,"type":"if","locations":[{"start":{"line":414,"column":8},"end":{"line":414,"column":8}},{"start":{"line":414,"column":8},"end":{"line":414,"column":8}}]},"71":{"line":415,"type":"if","locations":[{"start":{"line":415,"column":8},"end":{"line":415,"column":8}},{"start":{"line":415,"column":8},"end":{"line":415,"column":8}}]},"72":{"line":417,"type":"if","locations":[{"start":{"line":417,"column":8},"end":{"line":417,"column":8}},{"start":{"line":417,"column":8},"end":{"line":417,"column":8}}]},"73":{"line":418,"type":"if","locations":[{"start":{"line":418,"column":8},"end":{"line":418,"column":8}},{"start":{"line":418,"column":8},"end":{"line":418,"column":8}}]},"74":{"line":429,"type":"if","locations":[{"start":{"line":429,"column":8},"end":{"line":429,"column":8}},{"start":{"line":429,"column":8},"end":{"line":429,"column":8}}]},"75":{"line":430,"type":"if","locations":[{"start":{"line":430,"column":8},"end":{"line":430,"column":8}},{"start":{"line":430,"column":8},"end":{"line":430,"column":8}}]},"76":{"line":432,"type":"if","locations":[{"start":{"line":432,"column":8},"end":{"line":432,"column":8}},{"start":{"line":432,"column":8},"end":{"line":432,"column":8}}]},"77":{"line":443,"type":"if","locations":[{"start":{"line":443,"column":8},"end":{"line":443,"column":8}},{"start":{"line":443,"column":8},"end":{"line":443,"column":8}}]},"78":{"line":444,"type":"if","locations":[{"start":{"line":444,"column":8},"end":{"line":444,"column":8}},{"start":{"line":444,"column":8},"end":{"line":444,"column":8}}]},"79":{"line":446,"type":"if","locations":[{"start":{"line":446,"column":8},"end":{"line":446,"column":8}},{"start":{"line":446,"column":8},"end":{"line":446,"column":8}}]},"80":{"line":455,"type":"if","locations":[{"start":{"line":455,"column":15},"end":{"line":455,"column":15}},{"start":{"line":455,"column":15},"end":{"line":455,"column":15}}]}}}}
