TN:
SF:/Users/yashvardhan/Documents/rKGen BSC SC/contracts/ERC2771ContextUpgradeable/ERC2771ContextUpgradable.sol
FN:11,isTrustedForwarder
FN:20,_msgSender
FN:41,_msgData
FN:63,_contextSuffixLength
FNF:4
FNH:2
FNDA:0,isTrustedForwarder
FNDA:1170,_msgSender
FNDA:0,_msgData
FNDA:1170,_contextSuffixLength
DA:21,1170
DA:22,1170
DA:23,1170
DA:27,0
DA:32,1170
DA:48,0
DA:49,0
DA:50,0
DA:54,0
DA:56,0
DA:70,1170
LF:11
LH:5
BRDA:23,1,0,0
BRDA:23,1,1,1170
BRDA:50,2,0,0
BRDA:50,2,1,0
BRF:4
BRH:1
end_of_record
TN:
SF:/Users/yashvardhan/Documents/rKGen BSC SC/contracts/IrKGEN.sol
FNF:0
FNH:0
LF:0
LH:0
BRF:0
BRH:0
end_of_record
TN:
SF:/Users/yashvardhan/Documents/rKGen BSC SC/contracts/KGeN-evm/KGeN.sol
FN:77,constructor
FN:81,initialize
FN:93,onlyAdmin
FN:98,onlyMinter
FN:103,onlyTreasury
FN:108,onlyBurnVault
FN:113,validAmount
FN:118,validAddress
FN:125,transferAdmin
FN:131,acceptAdmin
FN:142,addMinter
FN:148,removeMinter
FN:154,addTreasury
FN:167,removeTreasury
FN:173,addBurnVault
FN:179,removeBurnVault
FN:187,addWhitelistSender
FN:193,removeWhitelistSender
FN:201,addWhitelistReceiver
FN:207,removeWhitelistReceiver
FN:214,freezeAccounts
FN:224,unfreezeAccounts
FN:237,mint
FN:248,burn
FN:255,transfer
FN:271,transferFrom
FN:288,adminTransfer
FN:297,isFrozen
FN:302,isWhitelistedSender
FN:306,isWhitelistedReceiver
FN:310,isTreasury
FN:314,isBurnVault
FN:318,isMinter
FN:322,getPendingAdmin
FN:326,getAdmin
FN:330,getMinters
FN:339,getTreasuries
FN:348,getBurnVaults
FN:357,decimals
FNF:39
FNH:37
FNDA:1,constructor
FNDA:95,initialize
FNDA:225,onlyAdmin
FNDA:35,onlyMinter
FNDA:0,onlyTreasury
FNDA:0,onlyBurnVault
FNDA:36,validAmount
FNDA:172,validAddress
FNDA:4,transferAdmin
FNDA:3,acceptAdmin
FNDA:11,addMinter
FNDA:2,removeMinter
FNDA:61,addTreasury
FNDA:2,removeTreasury
FNDA:28,addBurnVault
FNDA:2,removeBurnVault
FNDA:28,addWhitelistSender
FNDA:3,removeWhitelistSender
FNDA:28,addWhitelistReceiver
FNDA:2,removeWhitelistReceiver
FNDA:14,freezeAccounts
FNDA:3,unfreezeAccounts
FNDA:30,mint
FNDA:3,burn
FNDA:25,transfer
FNDA:6,transferFrom
FNDA:4,adminTransfer
FNDA:6,isFrozen
FNDA:5,isWhitelistedSender
FNDA:4,isWhitelistedReceiver
FNDA:2,isTreasury
FNDA:2,isBurnVault
FNDA:3,isMinter
FNDA:3,getPendingAdmin
FNDA:2,getAdmin
FNDA:1,getMinters
FNDA:1,getTreasuries
FNDA:1,getBurnVaults
FNDA:1,decimals
DA:78,1
DA:82,95
DA:83,95
DA:85,95
DA:86,95
DA:87,95
DA:88,95
DA:89,95
DA:94,225
DA:95,208
DA:99,35
DA:100,32
DA:104,0
DA:105,0
DA:109,0
DA:110,0
DA:114,36
DA:115,33
DA:119,172
DA:120,160
DA:126,4
DA:127,3
DA:128,3
DA:132,3
DA:133,1
DA:135,1
DA:136,1
DA:137,1
DA:138,1
DA:139,1
DA:143,11
DA:144,10
DA:145,10
DA:149,2
DA:150,1
DA:151,1
DA:155,61
DA:156,60
DA:159,60
DA:160,42
DA:161,42
DA:164,60
DA:168,2
DA:169,1
DA:170,1
DA:174,28
DA:175,27
DA:176,27
DA:180,2
DA:181,1
DA:182,1
DA:188,28
DA:189,27
DA:190,27
DA:194,3
DA:195,2
DA:197,1
DA:198,1
DA:202,28
DA:203,27
DA:204,27
DA:208,2
DA:209,1
DA:210,1
DA:215,14
DA:216,1
DA:218,13
DA:219,15
DA:220,15
DA:225,3
DA:226,1
DA:228,2
DA:229,3
DA:230,3
DA:231,3
DA:238,30
DA:239,29
DA:242,28
DA:244,26
DA:245,26
DA:249,3
DA:250,2
DA:256,25
DA:257,24
DA:260,23
DA:261,1
DA:264,22
DA:265,22
DA:266,22
DA:268,22
DA:272,6
DA:273,5
DA:276,4
DA:277,1
DA:280,3
DA:281,3
DA:282,3
DA:284,3
DA:289,4
DA:290,1
DA:292,3
DA:293,3
DA:298,6
DA:299,6
DA:303,5
DA:307,4
DA:311,2
DA:315,2
DA:319,3
DA:323,3
DA:327,2
DA:331,1
DA:332,1
DA:333,1
DA:334,1
DA:336,1
DA:340,1
DA:341,1
DA:342,1
DA:343,1
DA:345,1
DA:349,1
DA:350,1
DA:351,1
DA:352,1
DA:354,1
DA:358,1
LF:127
LH:123
BRDA:81,1,0,95
BRDA:81,1,1,1
BRDA:94,2,0,17
BRDA:94,2,1,208
BRDA:99,3,0,3
BRDA:99,3,1,32
BRDA:104,4,0,0
BRDA:104,4,1,0
BRDA:109,5,0,0
BRDA:109,5,1,0
BRDA:114,6,0,3
BRDA:114,6,1,33
BRDA:119,7,0,12
BRDA:119,7,1,160
BRDA:125,8,0,5
BRDA:125,8,1,1
BRDA:125,9,0,4
BRDA:125,9,1,1
BRDA:126,10,0,1
BRDA:126,10,1,3
BRDA:132,11,0,2
BRDA:132,11,1,1
BRDA:133,12,0,0
BRDA:133,12,1,1
BRDA:142,13,0,14
BRDA:142,13,1,2
BRDA:142,14,0,11
BRDA:142,14,1,3
BRDA:143,15,0,1
BRDA:143,15,1,10
BRDA:148,16,0,2
BRDA:148,16,1,1
BRDA:149,17,0,1
BRDA:149,17,1,1
BRDA:154,18,0,63
BRDA:154,18,1,1
BRDA:154,19,0,61
BRDA:154,19,1,2
BRDA:155,20,0,1
BRDA:155,20,1,60
BRDA:159,21,0,42
BRDA:159,21,1,18
BRDA:167,22,0,2
BRDA:167,22,1,1
BRDA:168,23,0,1
BRDA:168,23,1,1
BRDA:173,24,0,30
BRDA:173,24,1,1
BRDA:173,25,0,28
BRDA:173,25,1,2
BRDA:174,26,0,1
BRDA:174,26,1,27
BRDA:179,27,0,2
BRDA:179,27,1,1
BRDA:180,28,0,1
BRDA:180,28,1,1
BRDA:187,29,0,30
BRDA:187,29,1,1
BRDA:187,30,0,28
BRDA:187,30,1,2
BRDA:188,31,0,1
BRDA:188,31,1,27
BRDA:193,32,0,3
BRDA:193,32,1,1
BRDA:194,33,0,1
BRDA:194,33,1,2
BRDA:195,34,0,1
BRDA:195,34,1,1
BRDA:201,35,0,30
BRDA:201,35,1,1
BRDA:201,36,0,28
BRDA:201,36,1,2
BRDA:202,37,0,1
BRDA:202,37,1,27
BRDA:207,38,0,2
BRDA:207,38,1,1
BRDA:208,39,0,1
BRDA:208,39,1,1
BRDA:214,40,0,14
BRDA:214,40,1,1
BRDA:215,41,0,1
BRDA:215,41,1,13
BRDA:215,42,0,1
BRDA:215,42,1,0
BRDA:224,43,0,3
BRDA:224,43,1,1
BRDA:225,44,0,1
BRDA:225,44,1,2
BRDA:225,45,0,1
BRDA:225,45,1,0
BRDA:229,46,0,2
BRDA:229,46,1,1
BRDA:230,47,0,1
BRDA:230,47,1,2
BRDA:237,48,0,32
BRDA:237,48,1,3
BRDA:237,49,0,30
BRDA:237,49,1,2
BRDA:238,50,0,1
BRDA:238,50,1,29
BRDA:239,51,0,1
BRDA:239,51,1,28
BRDA:242,52,0,2
BRDA:242,52,1,26
BRDA:248,53,0,4
BRDA:248,53,1,2
BRDA:248,54,0,3
BRDA:248,54,1,1
BRDA:249,55,0,1
BRDA:249,55,1,2
BRDA:256,56,0,1
BRDA:256,56,1,24
BRDA:257,57,0,1
BRDA:257,57,1,23
BRDA:260,58,0,1
BRDA:260,58,1,22
BRDA:265,59,0,22
BRDA:265,59,1,0
BRDA:272,60,0,1
BRDA:272,60,1,5
BRDA:273,61,0,1
BRDA:273,61,1,4
BRDA:276,62,0,1
BRDA:276,62,1,3
BRDA:281,63,0,3
BRDA:281,63,1,0
BRDA:288,64,0,4
BRDA:288,64,1,1
BRDA:289,65,0,1
BRDA:289,65,1,3
BRF:130
BRH:121
end_of_record
TN:
SF:/Users/yashvardhan/Documents/rKGen BSC SC/contracts/KGenForwarder.sol
FN:29,constructor
FN:34,addTrustedRelayer
FN:42,removeTrustedRelayer
FN:50,execute
FN:59,recoverForwardRequestSigner
FNF:5
FNH:0
FNDA:0,constructor
FNDA:0,addTrustedRelayer
FNDA:0,removeTrustedRelayer
FNDA:0,execute
FNDA:0,recoverForwardRequestSigner
DA:35,0
DA:36,0
DA:43,0
DA:44,0
DA:53,0
DA:54,0
DA:56,0
DA:62,0
LF:8
LH:0
BRDA:34,1,0,0
BRDA:34,1,1,0
BRDA:42,2,0,0
BRDA:42,2,1,0
BRDA:53,3,0,0
BRDA:53,3,1,0
BRF:6
BRH:0
end_of_record
TN:
SF:/Users/yashvardhan/Documents/rKGen BSC SC/contracts/MockERC20.sol
FN:7,constructor
FN:9,mint
FNF:2
FNH:2
FNDA:44,constructor
FNDA:44,mint
DA:10,44
LF:1
LH:1
BRF:0
BRH:0
end_of_record
TN:
SF:/Users/yashvardhan/Documents/rKGen BSC SC/contracts/rkgen_airdrop.sol
FN:33,invalidAddressCheck
FN:79,constructor
FN:86,initialize
FN:99,updateSigner
FN:112,nominateAdmin
FN:120,acceptAdminRole
FN:136,withdrawTokens
FN:142,getNonce
FN:152,_hashClaim
FN:177,_verifyClaimSignature
FN:196,claim
FN:225,setTrustedForwarder
FN:229,isTrustedForwarder
FN:235,_msgSender
FN:244,_msgData
FN:253,_contextSuffixLength
FN:263,getNominatedAdmin
FN:268,getRewardSigner
FN:275,whitelistToken
FN:280,isWhitelistedToken
FN:284,getDomainSeparator
FNF:21
FNH:18
FNDA:84,invalidAddressCheck
FNDA:41,constructor
FNDA:41,initialize
FNDA:3,updateSigner
FNDA:8,nominateAdmin
FNDA:5,acceptAdminRole
FNDA:0,withdrawTokens
FNDA:18,getNonce
FNDA:26,_hashClaim
FNDA:26,_verifyClaimSignature
FNDA:28,claim
FNDA:0,setTrustedForwarder
FNDA:270,isTrustedForwarder
FNDA:270,_msgSender
FNDA:0,_msgData
FNDA:270,_contextSuffixLength
FNDA:1,getNominatedAdmin
FNDA:1,getRewardSigner
FNDA:42,whitelistToken
FNDA:1,isWhitelistedToken
FNDA:4,getDomainSeparator
DA:34,84
DA:35,81
DA:87,41
DA:88,41
DA:89,41
DA:90,41
DA:91,41
DA:92,41
DA:93,41
DA:101,3
DA:102,3
DA:104,2
DA:105,2
DA:114,8
DA:116,7
DA:117,7
DA:121,5
DA:122,4
DA:124,3
DA:125,3
DA:127,3
DA:129,3
DA:137,0
DA:138,0
DA:146,18
DA:159,26
DA:185,26
DA:186,26
DA:187,26
DA:197,28
DA:200,27
DA:203,25
DA:212,25
DA:215,22
DA:218,22
DA:219,21
DA:226,0
DA:232,270
DA:241,270
DA:250,0
DA:259,270
DA:264,1
DA:269,1
DA:277,42
DA:281,1
DA:285,4
LF:46
LH:42
BRDA:34,1,0,3
BRDA:34,1,1,81
BRDA:86,2,0,41
BRDA:86,2,1,1
BRDA:98,3,0,4
BRDA:98,3,1,1
BRDA:99,4,0,3
BRDA:99,4,1,1
BRDA:101,5,0,0
BRDA:101,5,1,3
BRDA:102,6,0,1
BRDA:102,6,1,2
BRDA:111,7,0,9
BRDA:111,7,1,1
BRDA:112,8,0,8
BRDA:112,8,1,1
BRDA:114,9,0,1
BRDA:114,9,1,7
BRDA:121,10,0,1
BRDA:121,10,1,4
BRDA:122,11,0,1
BRDA:122,11,1,3
BRDA:136,12,0,0
BRDA:136,12,1,0
BRDA:136,13,0,0
BRDA:136,13,1,0
BRDA:196,14,0,28
BRDA:196,14,1,0
BRDA:196,15,0,28
BRDA:196,15,1,0
BRDA:197,16,0,1
BRDA:197,16,1,27
BRDA:200,17,0,2
BRDA:200,17,1,25
BRDA:212,18,0,3
BRDA:212,18,1,22
BRDA:225,19,0,0
BRDA:225,19,1,0
BRDA:225,20,0,0
BRDA:225,20,1,0
BRDA:274,21,0,43
BRDA:274,21,1,1
BRDA:275,22,0,42
BRDA:275,22,1,1
BRF:44
BRH:33
end_of_record
TN:
SF:/Users/yashvardhan/Documents/rKGen BSC SC/contracts/rKGEN.sol
FN:69,constructor
FN:73,initialize
FN:87,decimals
FN:94,validAmount
FN:102,validAddress
FN:110,notFrozen
FN:118,whitelistedTransfer
FN:136,transfer
FN:154,transferFrom
FN:170,mint
FN:185,burn
FN:196,freezeAccount
FN:208,unfreezeAccount
FN:220,nominateAdmin
FN:232,acceptAdminRole
FN:256,addMinter
FN:270,removeMinter
FN:284,addBurnVault
FN:298,removeBurnVault
FN:313,updateMinter
FN:337,updateBurnVault
FN:360,addTreasuryAddress
FN:387,removeTreasuryAddress
FN:401,addWhitelistSender
FN:415,removeWhitelistSender
FN:430,addWhitelistReceiver
FN:444,removeWhitelistReceiver
FN:455,setTrustedForwarder
FN:459,isTrustedForwarder
FN:465,_msgSender
FN:474,_msgData
FN:483,_contextSuffixLength
FNF:32
FNH:31
FNDA:1,constructor
FNDA:73,initialize
FNDA:1,decimals
FNDA:108,validAmount
FNDA:290,validAddress
FNDA:33,notFrozen
FNDA:94,whitelistedTransfer
FNDA:12,transfer
FNDA:1,transferFrom
FNDA:78,mint
FNDA:5,burn
FNDA:5,freezeAccount
FNDA:1,unfreezeAccount
FNDA:4,nominateAdmin
FNDA:3,acceptAdminRole
FNDA:7,addMinter
FNDA:2,removeMinter
FNDA:7,addBurnVault
FNDA:2,removeBurnVault
FNDA:3,updateMinter
FNDA:8,updateBurnVault
FNDA:8,addTreasuryAddress
FNDA:2,removeTreasuryAddress
FNDA:23,addWhitelistSender
FNDA:6,removeWhitelistSender
FNDA:99,addWhitelistReceiver
FNDA:4,removeWhitelistReceiver
FNDA:3,setTrustedForwarder
FNDA:902,isTrustedForwarder
FNDA:900,_msgSender
FNDA:0,_msgData
FNDA:900,_contextSuffixLength
DA:70,1
DA:74,73
DA:75,73
DA:76,73
DA:78,73
DA:79,73
DA:80,73
DA:81,73
DA:88,1
DA:95,108
DA:96,104
DA:103,290
DA:104,285
DA:111,33
DA:112,31
DA:119,94
DA:120,3
DA:122,91
DA:139,12
DA:140,11
DA:157,1
DA:158,0
DA:173,78
DA:174,78
DA:187,5
DA:198,5
DA:199,5
DA:210,1
DA:211,1
DA:222,4
DA:223,3
DA:224,3
DA:234,3
DA:237,1
DA:238,1
DA:239,1
DA:240,1
DA:241,1
DA:245,1
DA:246,1
DA:247,1
DA:258,7
DA:260,6
DA:261,6
DA:272,2
DA:274,1
DA:275,1
DA:286,7
DA:288,6
DA:289,6
DA:300,2
DA:302,1
DA:303,1
DA:315,3
DA:318,2
DA:319,2
DA:320,2
DA:321,2
DA:322,2
DA:326,2
DA:327,2
DA:339,8
DA:342,7
DA:343,7
DA:344,7
DA:345,7
DA:346,7
DA:350,7
DA:351,7
DA:362,8
DA:364,7
DA:367,7
DA:368,7
DA:369,7
DA:373,7
DA:374,7
DA:375,7
DA:378,7
DA:389,2
DA:391,1
DA:392,1
DA:403,23
DA:405,22
DA:406,22
DA:417,6
DA:418,5
DA:420,4
DA:421,4
DA:432,99
DA:434,98
DA:435,98
DA:446,4
DA:448,3
DA:449,3
DA:456,3
DA:462,902
DA:471,900
DA:480,0
DA:489,900
LF:99
LH:97
BRDA:73,1,0,73
BRDA:73,1,1,1
BRDA:95,2,0,4
BRDA:95,2,1,104
BRDA:103,3,0,5
BRDA:103,3,1,285
BRDA:111,4,0,2
BRDA:111,4,1,31
BRDA:119,5,0,3
BRDA:119,5,1,91
BRDA:131,6,0,17
BRDA:131,6,1,0
BRDA:132,7,0,16
BRDA:132,7,1,1
BRDA:133,8,0,15
BRDA:133,8,1,1
BRDA:134,9,0,14
BRDA:134,9,1,1
BRDA:135,10,0,13
BRDA:135,10,1,1
BRDA:136,11,0,12
BRDA:136,11,1,1
BRDA:139,12,0,1
BRDA:139,12,1,11
BRDA:149,13,0,3
BRDA:149,13,1,0
BRDA:150,14,0,2
BRDA:150,14,1,1
BRDA:151,15,0,2
BRDA:151,15,1,0
BRDA:152,16,0,2
BRDA:152,16,1,0
BRDA:153,17,0,2
BRDA:153,17,1,0
BRDA:154,18,0,1
BRDA:154,18,1,1
BRDA:157,19,0,1
BRDA:157,19,1,0
BRDA:166,20,0,82
BRDA:166,20,1,0
BRDA:167,21,0,81
BRDA:167,21,1,1
BRDA:168,22,0,80
BRDA:168,22,1,1
BRDA:169,23,0,79
BRDA:169,23,1,1
BRDA:170,24,0,78
BRDA:170,24,1,1
BRDA:182,25,0,8
BRDA:182,25,1,0
BRDA:183,26,0,7
BRDA:183,26,1,1
BRDA:184,27,0,6
BRDA:184,27,1,1
BRDA:185,28,0,5
BRDA:185,28,1,1
BRDA:195,29,0,6
BRDA:195,29,1,1
BRDA:196,30,0,5
BRDA:196,30,1,1
BRDA:207,31,0,2
BRDA:207,31,1,1
BRDA:208,32,0,1
BRDA:208,32,1,1
BRDA:219,33,0,4
BRDA:219,33,1,1
BRDA:220,34,0,4
BRDA:220,34,1,0
BRDA:222,35,0,1
BRDA:222,35,1,3
BRDA:232,36,0,3
BRDA:232,36,1,0
BRDA:234,37,0,2
BRDA:234,37,1,1
BRDA:240,38,0,1
BRDA:240,38,1,0
BRDA:255,39,0,7
BRDA:255,39,1,0
BRDA:256,40,0,7
BRDA:256,40,1,0
BRDA:258,41,0,1
BRDA:258,41,1,6
BRDA:269,42,0,2
BRDA:269,42,1,0
BRDA:270,43,0,2
BRDA:270,43,1,0
BRDA:272,44,0,1
BRDA:272,44,1,1
BRDA:283,45,0,7
BRDA:283,45,1,0
BRDA:284,46,0,7
BRDA:284,46,1,0
BRDA:286,47,0,1
BRDA:286,47,1,6
BRDA:297,48,0,2
BRDA:297,48,1,0
BRDA:298,49,0,2
BRDA:298,49,1,0
BRDA:300,50,0,1
BRDA:300,50,1,1
BRDA:312,51,0,3
BRDA:312,51,1,0
BRDA:313,52,0,3
BRDA:313,52,1,0
BRDA:315,53,0,1
BRDA:315,53,1,2
BRDA:321,54,0,2
BRDA:321,54,1,0
BRDA:336,55,0,8
BRDA:336,55,1,0
BRDA:337,56,0,8
BRDA:337,56,1,0
BRDA:339,57,0,1
BRDA:339,57,1,7
BRDA:345,58,0,7
BRDA:345,58,1,0
BRDA:359,59,0,8
BRDA:359,59,1,0
BRDA:360,60,0,8
BRDA:360,60,1,0
BRDA:362,61,0,1
BRDA:362,61,1,7
BRDA:367,62,0,7
BRDA:367,62,1,0
BRDA:373,63,0,7
BRDA:373,63,1,0
BRDA:386,64,0,2
BRDA:386,64,1,0
BRDA:387,65,0,2
BRDA:387,65,1,0
BRDA:389,66,0,1
BRDA:389,66,1,1
BRDA:400,67,0,23
BRDA:400,67,1,0
BRDA:401,68,0,23
BRDA:401,68,1,0
BRDA:403,69,0,1
BRDA:403,69,1,22
BRDA:414,70,0,6
BRDA:414,70,1,0
BRDA:415,71,0,6
BRDA:415,71,1,0
BRDA:417,72,0,1
BRDA:417,72,1,5
BRDA:418,73,0,1
BRDA:418,73,1,4
BRDA:429,74,0,99
BRDA:429,74,1,0
BRDA:430,75,0,99
BRDA:430,75,1,0
BRDA:432,76,0,1
BRDA:432,76,1,98
BRDA:443,77,0,4
BRDA:443,77,1,0
BRDA:444,78,0,4
BRDA:444,78,1,0
BRDA:446,79,0,1
BRDA:446,79,1,3
BRDA:455,80,0,3
BRDA:455,80,1,1
BRF:160
BRH:121
end_of_record
